{"level":30,"time":1770090608792,"msg":"========================================"}
{"level":30,"time":1770090608794,"msg":"FaucetAMM CLI"}
{"level":30,"time":1770090608794,"msg":"========================================"}
{"level":30,"time":1770090608794,"msg":"Step 1: Initializing wallet..."}
{"level":30,"time":1770090608795,"msg":"Building wallet from mnemonic..."}
{"level":30,"time":1770090608904,"msg":"Your wallet address: mn_addr_preview17mdawv4sf845jw4rlepl93m3q0hs7ekpntcx0gnzsrkrl2rx46eskt64lm"}
{"level":30,"time":1770090608904,"msg":"Waiting for wallet to sync (timeout: 3 minutes)..."}
{"level":30,"time":1770090608914,"msg":"Waiting for wallet sync. Synced: false"}
{"level":30,"time":1770090640423,"msg":"Waiting for wallet sync. Synced: true"}
{"level":30,"time":1770090640426,"msg":"✅ Wallet synced successfully!"}
{"level":30,"time":1770090640427,"msg":"DEBUG: Wallet synced, checking balances..."}
{"level":30,"time":1770090640436,"msg":"Unshielded balance: 1000000000 tSTAR"}
{"level":30,"time":1770090640436,"msg":"Shielded balance: 0 tSTAR"}
{"level":30,"time":1770090640436,"msg":"Total balance: 1000000000 tSTAR"}
{"level":30,"time":1770090640438,"msg":"DEBUG: Total balance: 1000000000"}
{"level":30,"time":1770090640438,"msg":"DEBUG: Starting dust registration..."}
{"level":30,"time":1770090640444,"section":"DUST Registration Debug","availableCoinsCount":9,"dustBalance":2403351013999999980,"coinsMeta":[{"registeredForDustGeneration":false,"hasMetaField":true},{"registeredForDustGeneration":false,"hasMetaField":true},{"registeredForDustGeneration":false,"hasMetaField":true},{"registeredForDustGeneration":false,"hasMetaField":true},{"registeredForDustGeneration":true,"hasMetaField":true},{"registeredForDustGeneration":false,"hasMetaField":true},{"registeredForDustGeneration":false,"hasMetaField":true},{"registeredForDustGeneration":false,"hasMetaField":true},{"registeredForDustGeneration":false,"hasMetaField":true}]}
{"level":30,"time":1770090640445,"msg":"Found 8 unshielded Night UTXOs not registered for dust generation"}
{"level":30,"time":1770090640445,"msg":"Registering Night UTXOs for dust generation..."}
{"level":50,"time":1770090640458,"msg":"Failed to register Night UTXOs for dust: (FiberFailure) Wallet.Other: Other wallet error: Token of a non-Night type received\n    at Object.other (file:///media/son/Projects1/venera/midnight/tutorial/learn_build/exp2/midnight-dex-contract/deploy-cli/node_modules/@midnight-ntwrk/wallet-sdk-shielded/dist/v1/WalletError.js:37:16)\n    at RunningV1Variant.createDustGenerationTransaction (file:///media/son/Projects1/venera/midnight/tutorial/learn_build/exp2/midnight-dex-contract/deploy-cli/node_modules/@midnight-ntwrk/wallet-sdk-dust-wallet/dist/RunningV1Variant.js:82:56)\n    at [V1] (file:///media/son/Projects1/venera/midnight/tutorial/learn_build/exp2/midnight-dex-contract/deploy-cli/node_modules/@midnight-ntwrk/wallet-sdk-dust-wallet/dist/DustWallet.js:98:37)\n    at Module.dispatch (file:///media/son/Projects1/venera/midnight/tutorial/learn_build/exp2/midnight-dex-contract/deploy-cli/node_modules/@midnight-ntwrk/wallet-sdk-utilities/dist/polyFunction.js:7:16)\n    at file:///media/son/Projects1/venera/midnight/tutorial/learn_build/exp2/midnight-dex-contract/deploy-cli/node_modules/@midnight-ntwrk/wallet-sdk-runtime/dist/Runtime.js:50:73\n    at <anonymous> (/media/son/Projects1/venera/midnight/tutorial/learn_build/exp2/midnight-dex-contract/deploy-cli/node_modules/effect/src/internal/fiberRuntime.ts:151:36)\n    at body (/media/son/Projects1/venera/midnight/tutorial/learn_build/exp2/midnight-dex-contract/deploy-cli/node_modules/effect/src/Utils.ts:786:14)\n    at Object.OnSuccess (/media/son/Projects1/venera/midnight/tutorial/learn_build/exp2/midnight-dex-contract/deploy-cli/node_modules/effect/src/internal/fiberRuntime.ts:151:12)\n    at FiberRuntime.Sync (/media/son/Projects1/venera/midnight/tutorial/learn_build/exp2/midnight-dex-contract/deploy-cli/node_modules/effect/src/internal/fiberRuntime.ts:1164:37)\n    at <anonymous> (/media/son/Projects1/venera/midnight/tutorial/learn_build/exp2/midnight-dex-contract/deploy-cli/node_modules/effect/src/internal/fiberRuntime.ts:1393:53) {\n  [cause]: Error: Token of a non-Night type received\n}"}
{"level":30,"time":1770090640459,"msg":"DEBUG: Dust registration complete."}
{"level":30,"time":1770090640459,"msg":"Step 2: Configuring providers..."}
{"level":30,"time":1770090640462,"section":"DUST Wallet State","dust":{"capabilities":{"coinsAndBalances":{},"keys":{},"serialization":{}},"protocolVersion":0,"state":{"networkId":"preview","pendingDustTokens":[],"progress":{"appliedIndex":643,"highestIndex":0,"highestRelevantIndex":0,"highestRelevantWalletIndex":643,"isConnected":true},"protocolVersion":0,"publicKey":{"publicKey":15910875447565964891213978322799052612442083852947537543067608621265097140841},"state":{"__wbg_ptr":8532240}}}}
{"level":30,"time":1770090640463,"section":"Shielded Wallet State","shielded":{"capabilities":{"coinsAndBalances":{},"keys":{},"serialization":{},"transactionHistory":{}},"protocolVersion":0,"state":{"coinHashes":{},"networkId":"preview","progress":{"appliedIndex":633,"highestIndex":0,"highestRelevantIndex":0,"highestRelevantWalletIndex":633,"isConnected":true},"protocolVersion":0,"publicKeys":{"coinPublicKey":"e1aa86317907c717908b15a9b480774a2ede12a95217dc8bff486be9664e2717","encryptionPublicKey":"b4732bf85983ed47631e2bd2ee918918ba3a3f2a67fdf17412d41280d065f3c8"},"state":{"__wbg_ptr":5327888},"txHistoryArray":[]}}}
{"level":30,"time":1770090640463,"section":"Unshielded Wallet State","unshielded":{"capabilities":{"coinsAndBalances":{},"keys":{},"serialization":{},"transactionHistory":{}},"protocolVersion":0,"state":{"networkId":"preview","progress":{"appliedId":330,"highestTransactionId":330,"isConnected":true},"protocolVersion":0,"publicKey":{"address":"mn_addr_preview17mdawv4sf845jw4rlepl93m3q0hs7ekpntcx0gnzsrkrl2rx46eskt64lm","addressHex":"f6dbd732b049eb493aa3fe43f2c77103ef0f66c19af067a26280ec3fa866aeb3","publicKey":"9f53d5c876fa6229cba7361c35d709c7d1c0334c0c29ae4f199750c9a3244e92"},"state":{"availableUtxos":{"_id":"HashMap","values":["[Array]","[Array]","[Array]","[Array]","[Array]","[Array]","[Array]","[Array]","[Array]"]},"pendingUtxos":{"_id":"HashMap","values":[]}}}}}
{"level":30,"time":1770090640467,"msg":"Step 3: Finding contract at f866b1e49fa31c3b8ed621c8e691983056b245511797815a1b8c8f1f0580adcd..."}
{"level":30,"time":1770090642305,"msg":"Joined contract at address: f866b1e49fa31c3b8ed621c8e691983056b245511797815a1b8c8f1f0580adcd"}
{"level":30,"time":1770090642305,"msg":"Contract found! Executing command..."}
{"level":30,"time":1770090642305,"msg":"Minting 5000000 Unshielded Test Token X..."}
{"level":30,"time":1770090642305,"msg":"Wallet addressHex: f6dbd732b049eb493aa3fe43f2c77103ef0f66c19af067a26280ec3fa866aeb3"}
{"level":30,"time":1770090642305,"msg":"Debug - Arguments:"}
{"level":30,"time":1770090642305,"msg":"  amount: 5000000 (type: bigint)"}
{"level":30,"time":1770090642305,"msg":"  recipient.is_left: false"}
{"level":30,"time":1770090642305,"msg":"  recipient.right.bytes: f6dbd732b049eb493aa3fe43f2c77103ef0f66c19af067a26280ec3fa866aeb3"}
{"level":30,"time":1770090642305,"msg":"Contract object keys: deployTxData, callTx, circuitMaintenanceTx, contractMaintenanceTx"}
{"level":30,"time":1770090642305,"msg":"Contract.callTx available: true"}
{"level":30,"time":1770090642306,"msg":"Contract.callTx keys: mintTestTokensX, mintTestTokensY, initLiquidity, addLiquidity, removeLiquidity, swapXToY, swapYToX"}
{"level":30,"time":1770090642306,"msg":"Now calling contract.callTx.mintTestTokensX (unshielded)..."}
{"level":50,"time":1770090642607,"msg":"Transaction failed with error:"}
{"level":50,"time":1770090642607,"msg":"  Message: Unexpected error submitting scoped transaction '<unnamed>': Error: 'check' returned an error: Error: Failed Proof Server response: url=\"http://127.0.0.1:6300/check\", code=\"400\", status=\"Bad Request\""}
{"level":50,"time":1770090642607,"msg":"  Cause: {}"}
{"level":50,"time":1770090642609,"msg":"  Stack: Error: Unexpected error submitting scoped transaction '<unnamed>': Error: 'check' returned an error: Error: Failed Proof Server response: url=\"http://127.0.0.1:6300/check\", code=\"400\", status=\"Bad Request\"\n    at scoped (/media/son/Projects1/venera/midnight/tutorial/learn_build/exp2/midnight-dex-contract/deploy-cli/node_modules/@midnight-ntwrk/midnight-js-contracts/src/internal/transaction.ts:226:23)\n    at process.processTicksAndRejections (node:internal/process/task_queues:105:5)\n    at async run (/media/son/Projects1/venera/midnight/tutorial/learn_build/exp2/midnight-dex-contract/deploy-cli/src/interact.ts:143:38)"}
{"level":50,"time":1770090642609,"msg":"Command failed:"}
{"level":50,"time":1770090642609,"msg":"Unexpected error submitting scoped transaction '<unnamed>': Error: 'check' returned an error: Error: Failed Proof Server response: url=\"http://127.0.0.1:6300/check\", code=\"400\", status=\"Bad Request\""}
{"level":50,"time":1770090642609,"msg":"Error: Unexpected error submitting scoped transaction '<unnamed>': Error: 'check' returned an error: Error: Failed Proof Server response: url=\"http://127.0.0.1:6300/check\", code=\"400\", status=\"Bad Request\"\n    at scoped (/media/son/Projects1/venera/midnight/tutorial/learn_build/exp2/midnight-dex-contract/deploy-cli/node_modules/@midnight-ntwrk/midnight-js-contracts/src/internal/transaction.ts:226:23)\n    at process.processTicksAndRejections (node:internal/process/task_queues:105:5)\n    at async run (/media/son/Projects1/venera/midnight/tutorial/learn_build/exp2/midnight-dex-contract/deploy-cli/src/interact.ts:143:38)"}
