{"level":30,"time":1770035029824,"msg":"========================================"}
{"level":30,"time":1770035029826,"msg":"FaucetAMM CLI"}
{"level":30,"time":1770035029826,"msg":"========================================"}
{"level":30,"time":1770035029826,"msg":"Step 1: Initializing wallet..."}
{"level":30,"time":1770035029826,"msg":"Building wallet from mnemonic..."}
{"level":30,"time":1770035029942,"msg":"Your wallet address: mn_addr_preview17mdawv4sf845jw4rlepl93m3q0hs7ekpntcx0gnzsrkrl2rx46eskt64lm"}
{"level":30,"time":1770035029943,"msg":"Waiting for wallet to sync..."}
{"level":30,"time":1770035029950,"msg":"Waiting for wallet sync. Synced: false"}
{"level":30,"time":1770035061429,"msg":"Waiting for wallet sync. Synced: true"}
{"level":30,"time":1770035061432,"msg":"DEBUG: Wallet synced, checking balances..."}
{"level":30,"time":1770035061441,"msg":"Unshielded balance: 1000000000 tSTAR"}
{"level":30,"time":1770035061441,"msg":"Shielded balance: 0 tSTAR"}
{"level":30,"time":1770035061441,"msg":"Total balance: 1000000000 tSTAR"}
{"level":30,"time":1770035061443,"msg":"DEBUG: Total balance: 1000000000"}
{"level":30,"time":1770035061443,"msg":"DEBUG: Starting dust registration..."}
{"level":30,"time":1770035061449,"section":"DUST Registration Debug","availableCoinsCount":1,"dustBalance":1949579420999999999,"coinsMeta":[{"registeredForDustGeneration":true,"hasMetaField":true}]}
{"level":30,"time":1770035061449,"msg":"All Night UTXOs are already registered for dust generation"}
{"level":30,"time":1770035061449,"msg":"Current dust balance: 1949579420999999999"}
{"level":30,"time":1770035061451,"msg":"DEBUG: Dust registration complete."}
{"level":30,"time":1770035061453,"msg":"Step 2: Configuring providers..."}
{"level":30,"time":1770035061456,"section":"DUST Wallet State","dust":{"capabilities":{"coinsAndBalances":{},"keys":{},"serialization":{}},"protocolVersion":0,"state":{"networkId":"preview","pendingDustTokens":[],"progress":{"appliedIndex":600,"highestIndex":0,"highestRelevantIndex":0,"highestRelevantWalletIndex":600,"isConnected":true},"protocolVersion":0,"publicKey":{"publicKey":15910875447565964891213978322799052612442083852947537543067608621265097140841},"state":{"__wbg_ptr":8537136}}}}
{"level":30,"time":1770035061456,"section":"Shielded Wallet State","shielded":{"capabilities":{"coinsAndBalances":{},"keys":{},"serialization":{},"transactionHistory":{}},"protocolVersion":0,"state":{"coinHashes":{},"networkId":"preview","progress":{"appliedIndex":482,"highestIndex":0,"highestRelevantIndex":0,"highestRelevantWalletIndex":482,"isConnected":true},"protocolVersion":0,"publicKeys":{"coinPublicKey":"e1aa86317907c717908b15a9b480774a2ede12a95217dc8bff486be9664e2717","encryptionPublicKey":"b4732bf85983ed47631e2bd2ee918918ba3a3f2a67fdf17412d41280d065f3c8"},"state":{"__wbg_ptr":5118408},"txHistoryArray":[]}}}
{"level":30,"time":1770035061457,"section":"Unshielded Wallet State","unshielded":{"capabilities":{"coinsAndBalances":{},"keys":{},"serialization":{},"transactionHistory":{}},"protocolVersion":0,"state":{"networkId":"preview","progress":{"appliedId":246,"highestTransactionId":246,"isConnected":true},"protocolVersion":0,"publicKey":{"address":"mn_addr_preview17mdawv4sf845jw4rlepl93m3q0hs7ekpntcx0gnzsrkrl2rx46eskt64lm","addressHex":"f6dbd732b049eb493aa3fe43f2c77103ef0f66c19af067a26280ec3fa866aeb3","publicKey":"9f53d5c876fa6229cba7361c35d709c7d1c0334c0c29ae4f199750c9a3244e92"},"state":{"availableUtxos":{"_id":"HashMap","values":["[Array]"]},"pendingUtxos":{"_id":"HashMap","values":[]}}}}}
{"level":30,"time":1770035061461,"msg":"Step 3: Finding contract at a7e34c5770ad29a7eec69e93f209eb932a6161aaab36e64c6241abb203c765db..."}
{"level":50,"time":1770035063346,"msg":"Command failed:"}
{"level":50,"time":1770035063346,"msg":"No private state found at private state ID 'faucet_amm_private_state'"}
{"level":50,"time":1770035063350,"msg":"Error: No private state found at private state ID 'faucet_amm_private_state'\n    at assertDefined (/media/son/Projects1/venera/midnight/tutorial/learn_build/exp2/midnight-dex-contract/deploy-cli/node_modules/@midnight-ntwrk/midnight-js-utils/src/assertion-utils.ts:26:11)\n    at setOrGetInitialPrivateState (/media/son/Projects1/venera/midnight/tutorial/learn_build/exp2/midnight-dex-contract/deploy-cli/node_modules/@midnight-ntwrk/midnight-js-contracts/src/find-deployed-contract.ts:89:5)\n    at async findDeployedContract (/media/son/Projects1/venera/midnight/tutorial/learn_build/exp2/midnight-dex-contract/deploy-cli/node_modules/@midnight-ntwrk/midnight-js-contracts/src/find-deployed-contract.ts:273:31)\n    at async Module.joinContract (/media/son/Projects1/venera/midnight/tutorial/learn_build/exp2/midnight-dex-contract/deploy-cli/src/api.ts:110:22)\n    at async run (/media/son/Projects1/venera/midnight/tutorial/learn_build/exp2/midnight-dex-contract/deploy-cli/src/interact.ts:92:26)"}
