{"level":30,"time":1770038090573,"msg":"========================================"}
{"level":30,"time":1770038090575,"msg":"FaucetAMM Contract Deployment on PREVIEW NETWORK"}
{"level":30,"time":1770038090575,"msg":"========================================"}
{"level":30,"time":1770038090575,"msg":"Step 1: Initializing wallet from mnemonic..."}
{"level":30,"time":1770038090575,"msg":"Building wallet from mnemonic..."}
{"level":30,"time":1770038090687,"msg":"Your wallet address: mn_addr_preview17mdawv4sf845jw4rlepl93m3q0hs7ekpntcx0gnzsrkrl2rx46eskt64lm"}
{"level":30,"time":1770038090687,"msg":"Waiting for wallet to sync..."}
{"level":30,"time":1770038090695,"msg":"Waiting for wallet sync. Synced: false"}
{"level":30,"time":1770038095751,"msg":"Waiting for wallet sync. Synced: false"}
{"level":30,"time":1770038124079,"msg":"Waiting for wallet sync. Synced: true"}
{"level":30,"time":1770038124083,"msg":"DEBUG: Wallet synced, checking balances..."}
{"level":30,"time":1770038124093,"msg":"Unshielded balance: 1000000000 tSTAR"}
{"level":30,"time":1770038124093,"msg":"Shielded balance: 0 tSTAR"}
{"level":30,"time":1770038124093,"msg":"Total balance: 1000000000 tSTAR"}
{"level":30,"time":1770038124095,"msg":"DEBUG: Total balance: 1000000000"}
{"level":30,"time":1770038124095,"msg":"DEBUG: Starting dust registration..."}
{"level":30,"time":1770038124101,"section":"DUST Registration Debug","availableCoinsCount":1,"dustBalance":1974301241999999997,"coinsMeta":[{"registeredForDustGeneration":true,"hasMetaField":true}]}
{"level":30,"time":1770038124102,"msg":"All Night UTXOs are already registered for dust generation"}
{"level":30,"time":1770038124102,"msg":"Current dust balance: 1974301241999999997"}
{"level":30,"time":1770038124104,"msg":"DEBUG: Dust registration complete."}
{"level":30,"time":1770038124105,"msg":"Step 2: Configuring providers..."}
{"level":30,"time":1770038124109,"section":"DUST Wallet State","dust":{"capabilities":{"coinsAndBalances":{},"keys":{},"serialization":{}},"protocolVersion":0,"state":{"networkId":"preview","pendingDustTokens":[],"progress":{"appliedIndex":602,"highestIndex":0,"highestRelevantIndex":0,"highestRelevantWalletIndex":602,"isConnected":true},"protocolVersion":0,"publicKey":{"publicKey":15910875447565964891213978322799052612442083852947537543067608621265097140841},"state":{"__wbg_ptr":8401024}}}}
{"level":30,"time":1770038124110,"section":"Shielded Wallet State","shielded":{"capabilities":{"coinsAndBalances":{},"keys":{},"serialization":{},"transactionHistory":{}},"protocolVersion":0,"state":{"coinHashes":{},"networkId":"preview","progress":{"appliedIndex":482,"highestIndex":0,"highestRelevantIndex":0,"highestRelevantWalletIndex":482,"isConnected":true},"protocolVersion":0,"publicKeys":{"coinPublicKey":"e1aa86317907c717908b15a9b480774a2ede12a95217dc8bff486be9664e2717","encryptionPublicKey":"b4732bf85983ed47631e2bd2ee918918ba3a3f2a67fdf17412d41280d065f3c8"},"state":{"__wbg_ptr":8072344},"txHistoryArray":[]}}}
{"level":30,"time":1770038124110,"section":"Unshielded Wallet State","unshielded":{"capabilities":{"coinsAndBalances":{},"keys":{},"serialization":{},"transactionHistory":{}},"protocolVersion":0,"state":{"networkId":"preview","progress":{"appliedId":246,"highestTransactionId":246,"isConnected":true},"protocolVersion":0,"publicKey":{"address":"mn_addr_preview17mdawv4sf845jw4rlepl93m3q0hs7ekpntcx0gnzsrkrl2rx46eskt64lm","addressHex":"f6dbd732b049eb493aa3fe43f2c77103ef0f66c19af067a26280ec3fa866aeb3","publicKey":"9f53d5c876fa6229cba7361c35d709c7d1c0334c0c29ae4f199750c9a3244e92"},"state":{"availableUtxos":{"_id":"HashMap","values":["[Array]"]},"pendingUtxos":{"_id":"HashMap","values":[]}}}}}
{"level":30,"time":1770038124115,"msg":"Step 3: Deploying FaucetAMMv2 contract with initial tokens..."}
{"level":30,"time":1770038124115,"msg":"Deploying FaucetAMMv2 contract with feeBps = 10, initial X = 10000000, initial Y = 10000000..."}
{"level":30,"time":1770038124116,"msg":"Recipient coinPublicKey: 65316161383633313739303763373137393038623135613962343830373734613265646531326139353231376463386266663438366265393636346532373137"}
{"level":30,"time":1770038124116,"msg":"X Nonce: 3eae1555ff42d84be1c9cf8b903e9509f3e777ab41de9e9aa3277e3e68eb4fe4"}
{"level":30,"time":1770038124116,"msg":"Y Nonce: 2241b12d9513c8f25c4307e363951540c64e9f38c9c158c6bce7ba8f10200ec2"}
{"level":50,"time":1770038124128,"msg":"Deployment failed:"}
{"level":50,"time":1770038124128,"msg":"type error: Contract state constructor argument 4 (argument 5 as invoked from Typescript) at FaucetAMMv2.compact line 23 char 1; expected value of type struct Either<is_left: Boolean, left: struct ZswapCoinPublicKey<bytes: Bytes<32>>, right: struct ContractAddress<bytes: Bytes<32>>> but received { is_left: true, left: { bytes: 'e1aa86317907c717908b15a9b480774a2ede12a95217dc8bff486be9664e2717' } }"}
{"level":50,"time":1770038124132,"msg":"Error: type error: Contract state constructor argument 4 (argument 5 as invoked from Typescript) at FaucetAMMv2.compact line 23 char 1; expected value of type struct Either<is_left: Boolean, left: struct ZswapCoinPublicKey<bytes: Bytes<32>>, right: struct ContractAddress<bytes: Bytes<32>>> but received { is_left: true, left: { bytes: 'e1aa86317907c717908b15a9b480774a2ede12a95217dc8bff486be9664e2717' } }\n    at createUnprovenDeployTxFromVerifierKeys (/media/son/Projects1/venera/midnight/tutorial/learn_build/exp2/midnight-dex-contract/deploy-cli/node_modules/@midnight-ntwrk/midnight-js-contracts/src/unproven-deploy-tx.ts:146:11)\n    at process.processTicksAndRejections (node:internal/process/task_queues:105:5)\n    at async submitDeployTx (/media/son/Projects1/venera/midnight/tutorial/learn_build/exp2/midnight-dex-contract/deploy-cli/node_modules/@midnight-ntwrk/midnight-js-contracts/src/submit-deploy-tx.ts:87:32)\n    at async deployContract (/media/son/Projects1/venera/midnight/tutorial/learn_build/exp2/midnight-dex-contract/deploy-cli/node_modules/@midnight-ntwrk/midnight-js-contracts/src/deploy-contract.ts:124:24)\n    at async Module.deploy (/media/son/Projects1/venera/midnight/tutorial/learn_build/exp2/midnight-dex-contract/deploy-cli/src/api.ts:145:22)\n    at async run (/media/son/Projects1/venera/midnight/tutorial/learn_build/exp2/midnight-dex-contract/deploy-cli/src/deploy.ts:33:34)"}
