{"level":30,"time":1770039002812,"msg":"========================================"}
{"level":30,"time":1770039002814,"msg":"FaucetAMM Contract Deployment on PREVIEW NETWORK"}
{"level":30,"time":1770039002814,"msg":"========================================"}
{"level":30,"time":1770039002814,"msg":"Step 1: Initializing wallet from mnemonic..."}
{"level":30,"time":1770039002814,"msg":"Building wallet from mnemonic..."}
{"level":30,"time":1770039002925,"msg":"Your wallet address: mn_addr_preview17mdawv4sf845jw4rlepl93m3q0hs7ekpntcx0gnzsrkrl2rx46eskt64lm"}
{"level":30,"time":1770039002925,"msg":"Waiting for wallet to sync..."}
{"level":30,"time":1770039002933,"msg":"Waiting for wallet sync. Synced: false"}
{"level":30,"time":1770039007989,"msg":"Waiting for wallet sync. Synced: false"}
{"level":30,"time":1770039036322,"msg":"Waiting for wallet sync. Synced: true"}
{"level":30,"time":1770039036326,"msg":"DEBUG: Wallet synced, checking balances..."}
{"level":30,"time":1770039036337,"msg":"Unshielded balance: 1000000000 tSTAR"}
{"level":30,"time":1770039036337,"msg":"Shielded balance: 0 tSTAR"}
{"level":30,"time":1770039036337,"msg":"Total balance: 1000000000 tSTAR"}
{"level":30,"time":1770039036339,"msg":"DEBUG: Total balance: 1000000000"}
{"level":30,"time":1770039036339,"msg":"DEBUG: Starting dust registration..."}
{"level":30,"time":1770039036344,"section":"DUST Registration Debug","availableCoinsCount":1,"dustBalance":1981540745999999996,"coinsMeta":[{"registeredForDustGeneration":true,"hasMetaField":true}]}
{"level":30,"time":1770039036345,"msg":"All Night UTXOs are already registered for dust generation"}
{"level":30,"time":1770039036346,"msg":"Current dust balance: 1981540745999999996"}
{"level":30,"time":1770039036347,"msg":"DEBUG: Dust registration complete."}
{"level":30,"time":1770039036349,"msg":"Step 2: Configuring providers..."}
{"level":30,"time":1770039036352,"section":"DUST Wallet State","dust":{"capabilities":{"coinsAndBalances":{},"keys":{},"serialization":{}},"protocolVersion":0,"state":{"networkId":"preview","pendingDustTokens":[],"progress":{"appliedIndex":603,"highestIndex":0,"highestRelevantIndex":0,"highestRelevantWalletIndex":603,"isConnected":true},"protocolVersion":0,"publicKey":{"publicKey":15910875447565964891213978322799052612442083852947537543067608621265097140841},"state":{"__wbg_ptr":8612816}}}}
{"level":30,"time":1770039036353,"section":"Shielded Wallet State","shielded":{"capabilities":{"coinsAndBalances":{},"keys":{},"serialization":{},"transactionHistory":{}},"protocolVersion":0,"state":{"coinHashes":{},"networkId":"preview","progress":{"appliedIndex":482,"highestIndex":0,"highestRelevantIndex":0,"highestRelevantWalletIndex":482,"isConnected":true},"protocolVersion":0,"publicKeys":{"coinPublicKey":"e1aa86317907c717908b15a9b480774a2ede12a95217dc8bff486be9664e2717","encryptionPublicKey":"b4732bf85983ed47631e2bd2ee918918ba3a3f2a67fdf17412d41280d065f3c8"},"state":{"__wbg_ptr":5347368},"txHistoryArray":[]}}}
{"level":30,"time":1770039036353,"section":"Unshielded Wallet State","unshielded":{"capabilities":{"coinsAndBalances":{},"keys":{},"serialization":{},"transactionHistory":{}},"protocolVersion":0,"state":{"networkId":"preview","progress":{"appliedId":246,"highestTransactionId":246,"isConnected":true},"protocolVersion":0,"publicKey":{"address":"mn_addr_preview17mdawv4sf845jw4rlepl93m3q0hs7ekpntcx0gnzsrkrl2rx46eskt64lm","addressHex":"f6dbd732b049eb493aa3fe43f2c77103ef0f66c19af067a26280ec3fa866aeb3","publicKey":"9f53d5c876fa6229cba7361c35d709c7d1c0334c0c29ae4f199750c9a3244e92"},"state":{"availableUtxos":{"_id":"HashMap","values":["[Array]"]},"pendingUtxos":{"_id":"HashMap","values":[]}}}}}
{"level":30,"time":1770039036358,"msg":"Step 3: Deploying FaucetAMMv2 (pragma 0.18.0)..."}
{"level":30,"time":1770039036358,"msg":"Deploying FaucetAMMv2 (pragma 0.18.0) with feeBps = 10..."}
{"level":30,"time":1770039036359,"msg":"Recipient (hex): e1aa86317907c717908b15a9b480774a2ede12a95217dc8bff486be9664e2717"}
{"level":30,"time":1770039037748,"msg":"DEBUG balanceTx: Starting balanceUnboundTransaction..."}
{"level":30,"time":1770039040136,"msg":"DEBUG balanceTx: Recipe type = UNBOUND_TRANSACTION, has balancingTx = true"}
{"level":30,"time":1770039040136,"msg":"DEBUG balanceTx: Starting finalizeRecipe..."}
{"level":30,"time":1770039040489,"msg":"DEBUG balanceTx: finalizeRecipe succeeded"}
{"level":50,"time":1770039041864,"msg":"Deployment failed:"}
{"level":50,"time":1770039041864,"msg":"Transaction submission error: Transaction submission failed"}
{"level":50,"time":1770039041864,"msg":"Wallet.SubmissionWalletError: Transaction submission error: Transaction submission failed\n    at Object.submission (file:///media/son/Projects1/venera/midnight/tutorial/learn_build/exp2/midnight-dex-contract/deploy-cli/node_modules/@midnight-ntwrk/wallet-sdk-shielded/dist/v1/WalletError.js:41:16)\n    at file:///media/son/Projects1/venera/midnight/tutorial/learn_build/exp2/midnight-dex-contract/deploy-cli/node_modules/@midnight-ntwrk/wallet-sdk-shielded/dist/v1/Submission.js:28:275\n    at /media/son/Projects1/venera/midnight/tutorial/learn_build/exp2/midnight-dex-contract/deploy-cli/node_modules/effect/src/internal/core.ts:1078:35\n    at <anonymous> (/media/son/Projects1/venera/midnight/tutorial/learn_build/exp2/midnight-dex-contract/deploy-cli/node_modules/effect/src/internal/fiberRuntime.ts:1156:41)\n    at body (/media/son/Projects1/venera/midnight/tutorial/learn_build/exp2/midnight-dex-contract/deploy-cli/node_modules/effect/src/Utils.ts:786:14)\n    at FiberRuntime.Sync (/media/son/Projects1/venera/midnight/tutorial/learn_build/exp2/midnight-dex-contract/deploy-cli/node_modules/effect/src/internal/fiberRuntime.ts:1156:19)\n    at <anonymous> (/media/son/Projects1/venera/midnight/tutorial/learn_build/exp2/midnight-dex-contract/deploy-cli/node_modules/effect/src/internal/fiberRuntime.ts:1393:53)\n    at Object.f (/media/son/Projects1/venera/midnight/tutorial/learn_build/exp2/midnight-dex-contract/deploy-cli/node_modules/effect/src/internal/tracer.ts:101:19)\n    at FiberRuntime.runLoop (/media/son/Projects1/venera/midnight/tutorial/learn_build/exp2/midnight-dex-contract/deploy-cli/node_modules/effect/src/internal/fiberRuntime.ts:1379:34)\n    at FiberRuntime.evaluateEffect (/media/son/Projects1/venera/midnight/tutorial/learn_build/exp2/midnight-dex-contract/deploy-cli/node_modules/effect/src/internal/fiberRuntime.ts:945:27)"}
