{"level":30,"time":1769799180988,"msg":"========================================"}
{"level":30,"time":1769799180990,"msg":"FaucetAMM Contract Deployment on PREVIEW NETWORK"}
{"level":30,"time":1769799180990,"msg":"========================================"}
{"level":30,"time":1769799180990,"msg":"Step 1: Initializing wallet from mnemonic..."}
{"level":30,"time":1769799180990,"msg":"Building wallet from mnemonic..."}
{"level":30,"time":1769799181108,"msg":"Your wallet address: mn_addr_preview17mdawv4sf845jw4rlepl93m3q0hs7ekpntcx0gnzsrkrl2rx46eskt64lm"}
{"level":30,"time":1769799181108,"msg":"Waiting for wallet to sync..."}
{"level":30,"time":1769799181116,"msg":"Waiting for wallet sync. Synced: false"}
{"level":30,"time":1769799212646,"msg":"Waiting for wallet sync. Synced: true"}
{"level":30,"time":1769799212656,"msg":"DEBUG: Wallet synced, checking balances..."}
{"level":30,"time":1769799212672,"msg":"Unshielded balance: 1000000000 tSTAR"}
{"level":30,"time":1769799212672,"msg":"Shielded balance: 0 tSTAR"}
{"level":30,"time":1769799212672,"msg":"Total balance: 1000000000 tSTAR"}
{"level":30,"time":1769799212675,"msg":"DEBUG: Total balance: 1000000000"}
{"level":30,"time":1769799212675,"msg":"DEBUG: Starting dust registration..."}
{"level":30,"time":1769799212681,"section":"DUST Registration Debug","availableCoinsCount":1,"dustBalance":0,"coinsMeta":[{"registeredForDustGeneration":false,"hasMetaField":true}]}
{"level":30,"time":1769799212681,"msg":"Found 1 unshielded Night UTXOs not registered for dust generation"}
{"level":30,"time":1769799212681,"msg":"Registering Night UTXOs for dust generation..."}
{"level":30,"time":1769799213585,"msg":"Finalizing dust registration transaction..."}
{"level":30,"time":1769799213590,"msg":"Submitting dust registration transaction..."}
{"level":30,"time":1769799230338,"msg":"Dust registration submitted with tx id: 00d604fbca3ead99ba1e7f494f578de4d837e1cdd4a25922dceb275f314cc56b60"}
{"level":30,"time":1769799230339,"msg":"Waiting for dust to be generated..."}
{"level":30,"time":1769799230342,"msg":"Dust balance: 0"}
{"level":30,"time":1769799242646,"msg":"Dust balance: 363748000000000"}
{"level":30,"time":1769799242649,"msg":"Dust registration complete!"}
{"level":30,"time":1769799242651,"msg":"DEBUG: Dust registration complete."}
{"level":30,"time":1769799242652,"msg":"Step 2: Configuring providers..."}
{"level":30,"time":1769799242661,"section":"DUST Wallet State","dust":{"capabilities":{"coinsAndBalances":{},"keys":{},"serialization":{}},"protocolVersion":0,"state":{"networkId":"preview","pendingDustTokens":[],"progress":{"appliedIndex":490,"highestIndex":0,"highestRelevantIndex":0,"highestRelevantWalletIndex":490,"isConnected":true},"protocolVersion":0,"publicKey":{"publicKey":15910875447565964891213978322799052612442083852947537543067608621265097140841},"state":{"__wbg_ptr":7793264}}}}
{"level":30,"time":1769799242662,"section":"Shielded Wallet State","shielded":{"capabilities":{"coinsAndBalances":{},"keys":{},"serialization":{},"transactionHistory":{}},"protocolVersion":0,"state":{"coinHashes":{},"networkId":"preview","progress":{"appliedIndex":482,"highestIndex":0,"highestRelevantIndex":0,"highestRelevantWalletIndex":482,"isConnected":true},"protocolVersion":0,"publicKeys":{"coinPublicKey":"e1aa86317907c717908b15a9b480774a2ede12a95217dc8bff486be9664e2717","encryptionPublicKey":"b4732bf85983ed47631e2bd2ee918918ba3a3f2a67fdf17412d41280d065f3c8"},"state":{"__wbg_ptr":4979224},"txHistoryArray":[]}}}
{"level":30,"time":1769799242662,"section":"Unshielded Wallet State","unshielded":{"capabilities":{"coinsAndBalances":{},"keys":{},"serialization":{},"transactionHistory":{}},"protocolVersion":0,"state":{"networkId":"preview","progress":{"appliedId":246,"highestTransactionId":246,"isConnected":true},"protocolVersion":0,"publicKey":{"address":"mn_addr_preview17mdawv4sf845jw4rlepl93m3q0hs7ekpntcx0gnzsrkrl2rx46eskt64lm","addressHex":"f6dbd732b049eb493aa3fe43f2c77103ef0f66c19af067a26280ec3fa866aeb3","publicKey":"9f53d5c876fa6229cba7361c35d709c7d1c0334c0c29ae4f199750c9a3244e92"},"state":{"availableUtxos":{"_id":"HashMap","values":["[Array]"]},"pendingUtxos":{"_id":"HashMap","values":[]}}}}}
{"level":30,"time":1769799242669,"msg":"Step 3: Deploying FaucetAMM contract..."}
{"level":30,"time":1769799242669,"msg":"Deploying FaucetAMM contract with feeBps = 10..."}
{"level":50,"time":1769799243596,"msg":"Deployment failed:"}
{"level":50,"time":1769799243596,"msg":"Not enough Dust generated to pay the fee"}
{"level":50,"time":1769799243596,"msg":"Wallet.Transacting: Not enough Dust generated to pay the fee\n    at TransactingCapabilityImplementation.balanceTransactions (file:///media/son/Projects1/venera/midnight/tutorial/learn_build/exp2/midnight-dex-contract/deploy-cli/node_modules/@midnight-ntwrk/wallet-sdk-dust-wallet/dist/Transacting.js:152:32)\n    at file:///media/son/Projects1/venera/midnight/tutorial/learn_build/exp2/midnight-dex-contract/deploy-cli/node_modules/@midnight-ntwrk/wallet-sdk-dust-wallet/dist/RunningV1Variant.js:102:134\n    at <anonymous> (/media/son/Projects1/venera/midnight/tutorial/learn_build/exp2/midnight-dex-contract/deploy-cli/node_modules/effect/src/internal/fiberRuntime.ts:151:36)\n    at body (/media/son/Projects1/venera/midnight/tutorial/learn_build/exp2/midnight-dex-contract/deploy-cli/node_modules/effect/src/Utils.ts:786:14)\n    at Object.OnSuccess (/media/son/Projects1/venera/midnight/tutorial/learn_build/exp2/midnight-dex-contract/deploy-cli/node_modules/effect/src/internal/fiberRuntime.ts:151:12)\n    at FiberRuntime.Success (/media/son/Projects1/venera/midnight/tutorial/learn_build/exp2/midnight-dex-contract/deploy-cli/node_modules/effect/src/internal/fiberRuntime.ts:1180:37)\n    at <anonymous> (/media/son/Projects1/venera/midnight/tutorial/learn_build/exp2/midnight-dex-contract/deploy-cli/node_modules/effect/src/internal/fiberRuntime.ts:1393:53)\n    at Object.f (/media/son/Projects1/venera/midnight/tutorial/learn_build/exp2/midnight-dex-contract/deploy-cli/node_modules/effect/src/internal/tracer.ts:101:19)\n    at FiberRuntime.runLoop (/media/son/Projects1/venera/midnight/tutorial/learn_build/exp2/midnight-dex-contract/deploy-cli/node_modules/effect/src/internal/fiberRuntime.ts:1379:34)\n    at FiberRuntime.evaluateEffect (/media/son/Projects1/venera/midnight/tutorial/learn_build/exp2/midnight-dex-contract/deploy-cli/node_modules/effect/src/internal/fiberRuntime.ts:945:27)"}
