{"level":30,"time":1770091758167,"msg":"========================================"}
{"level":30,"time":1770091758169,"msg":"FaucetAMM CLI"}
{"level":30,"time":1770091758169,"msg":"========================================"}
{"level":30,"time":1770091758169,"msg":"Step 1: Initializing wallet..."}
{"level":30,"time":1770091758170,"msg":"Building wallet from mnemonic..."}
{"level":30,"time":1770091758276,"msg":"Your wallet address: mn_addr_preview17mdawv4sf845jw4rlepl93m3q0hs7ekpntcx0gnzsrkrl2rx46eskt64lm"}
{"level":30,"time":1770091758276,"msg":"Waiting for wallet to sync (timeout: 3 minutes)..."}
{"level":30,"time":1770091758284,"msg":"Waiting for wallet sync. Synced: false"}
{"level":30,"time":1770091789865,"msg":"Waiting for wallet sync. Synced: true"}
{"level":30,"time":1770091789875,"msg":"✅ Wallet synced successfully!"}
{"level":30,"time":1770091789876,"msg":"DEBUG: Wallet synced, checking balances..."}
{"level":30,"time":1770091789891,"msg":"Unshielded balance: 1000000000 tSTAR"}
{"level":30,"time":1770091789891,"msg":"Shielded balance: 0 tSTAR"}
{"level":30,"time":1770091789891,"msg":"Total balance: 1000000000 tSTAR"}
{"level":30,"time":1770091789892,"msg":"DEBUG: Total balance: 1000000000"}
{"level":30,"time":1770091789893,"msg":"DEBUG: Starting dust registration..."}
{"level":30,"time":1770091789898,"section":"DUST Registration Debug","availableCoinsCount":11,"dustBalance":2411949796999999977,"coinsMeta":[{"registeredForDustGeneration":false,"hasMetaField":true},{"registeredForDustGeneration":false,"hasMetaField":true},{"registeredForDustGeneration":false,"hasMetaField":true},{"registeredForDustGeneration":false,"hasMetaField":true},{"registeredForDustGeneration":false,"hasMetaField":true},{"registeredForDustGeneration":true,"hasMetaField":true},{"registeredForDustGeneration":false,"hasMetaField":true},{"registeredForDustGeneration":false,"hasMetaField":true},{"registeredForDustGeneration":false,"hasMetaField":true},{"registeredForDustGeneration":false,"hasMetaField":true},{"registeredForDustGeneration":false,"hasMetaField":true}]}
{"level":30,"time":1770091789899,"msg":"Found 10 unshielded Night UTXOs not registered for dust generation"}
{"level":30,"time":1770091789899,"msg":"Registering Night UTXOs for dust generation..."}
{"level":50,"time":1770091789913,"msg":"Failed to register Night UTXOs for dust: (FiberFailure) Wallet.Other: Other wallet error: Token of a non-Night type received\n    at Object.other (file:///media/son/Projects1/venera/midnight/tutorial/learn_build/exp2/midnight-dex-contract/deploy-cli/node_modules/@midnight-ntwrk/wallet-sdk-shielded/dist/v1/WalletError.js:37:16)\n    at RunningV1Variant.createDustGenerationTransaction (file:///media/son/Projects1/venera/midnight/tutorial/learn_build/exp2/midnight-dex-contract/deploy-cli/node_modules/@midnight-ntwrk/wallet-sdk-dust-wallet/dist/RunningV1Variant.js:82:56)\n    at [V1] (file:///media/son/Projects1/venera/midnight/tutorial/learn_build/exp2/midnight-dex-contract/deploy-cli/node_modules/@midnight-ntwrk/wallet-sdk-dust-wallet/dist/DustWallet.js:98:37)\n    at Module.dispatch (file:///media/son/Projects1/venera/midnight/tutorial/learn_build/exp2/midnight-dex-contract/deploy-cli/node_modules/@midnight-ntwrk/wallet-sdk-utilities/dist/polyFunction.js:7:16)\n    at file:///media/son/Projects1/venera/midnight/tutorial/learn_build/exp2/midnight-dex-contract/deploy-cli/node_modules/@midnight-ntwrk/wallet-sdk-runtime/dist/Runtime.js:50:73\n    at <anonymous> (/media/son/Projects1/venera/midnight/tutorial/learn_build/exp2/midnight-dex-contract/deploy-cli/node_modules/effect/src/internal/fiberRuntime.ts:151:36)\n    at body (/media/son/Projects1/venera/midnight/tutorial/learn_build/exp2/midnight-dex-contract/deploy-cli/node_modules/effect/src/Utils.ts:786:14)\n    at Object.OnSuccess (/media/son/Projects1/venera/midnight/tutorial/learn_build/exp2/midnight-dex-contract/deploy-cli/node_modules/effect/src/internal/fiberRuntime.ts:151:12)\n    at FiberRuntime.Sync (/media/son/Projects1/venera/midnight/tutorial/learn_build/exp2/midnight-dex-contract/deploy-cli/node_modules/effect/src/internal/fiberRuntime.ts:1164:37)\n    at <anonymous> (/media/son/Projects1/venera/midnight/tutorial/learn_build/exp2/midnight-dex-contract/deploy-cli/node_modules/effect/src/internal/fiberRuntime.ts:1393:53) {\n  [cause]: Error: Token of a non-Night type received\n}"}
{"level":30,"time":1770091789913,"msg":"DEBUG: Dust registration complete."}
{"level":30,"time":1770091789913,"msg":"Step 2: Configuring providers..."}
{"level":30,"time":1770091789916,"section":"DUST Wallet State","dust":{"capabilities":{"coinsAndBalances":{},"keys":{},"serialization":{}},"protocolVersion":0,"state":{"networkId":"preview","pendingDustTokens":[],"progress":{"appliedIndex":646,"highestIndex":0,"highestRelevantIndex":0,"highestRelevantWalletIndex":646,"isConnected":true},"protocolVersion":0,"publicKey":{"publicKey":15910875447565964891213978322799052612442083852947537543067608621265097140841},"state":{"__wbg_ptr":8116448}}}}
{"level":30,"time":1770091789917,"section":"Shielded Wallet State","shielded":{"capabilities":{"coinsAndBalances":{},"keys":{},"serialization":{},"transactionHistory":{}},"protocolVersion":0,"state":{"coinHashes":{},"networkId":"preview","progress":{"appliedIndex":633,"highestIndex":0,"highestRelevantIndex":0,"highestRelevantWalletIndex":633,"isConnected":true},"protocolVersion":0,"publicKeys":{"coinPublicKey":"e1aa86317907c717908b15a9b480774a2ede12a95217dc8bff486be9664e2717","encryptionPublicKey":"b4732bf85983ed47631e2bd2ee918918ba3a3f2a67fdf17412d41280d065f3c8"},"state":{"__wbg_ptr":5270664},"txHistoryArray":[]}}}
{"level":30,"time":1770091789917,"section":"Unshielded Wallet State","unshielded":{"capabilities":{"coinsAndBalances":{},"keys":{},"serialization":{},"transactionHistory":{}},"protocolVersion":0,"state":{"networkId":"preview","progress":{"appliedId":337,"highestTransactionId":337,"isConnected":true},"protocolVersion":0,"publicKey":{"address":"mn_addr_preview17mdawv4sf845jw4rlepl93m3q0hs7ekpntcx0gnzsrkrl2rx46eskt64lm","addressHex":"f6dbd732b049eb493aa3fe43f2c77103ef0f66c19af067a26280ec3fa866aeb3","publicKey":"9f53d5c876fa6229cba7361c35d709c7d1c0334c0c29ae4f199750c9a3244e92"},"state":{"availableUtxos":{"_id":"HashMap","values":["[Array]","[Array]","[Array]","[Array]","[Array]","[Array]","[Array]","[Array]","[Array]","[Array]","[Array]"]},"pendingUtxos":{"_id":"HashMap","values":[]}}}}}
{"level":30,"time":1770091789921,"msg":"Step 3: Finding contract at 82a0b39e4b5ff99e1bf0db8a20b509836eabda9b4c755cd112af88021dacacdf..."}
{"level":30,"time":1770091791706,"msg":"Joined contract at address: 82a0b39e4b5ff99e1bf0db8a20b509836eabda9b4c755cd112af88021dacacdf"}
{"level":30,"time":1770091791706,"msg":"Contract found! Executing command..."}
{"level":30,"time":1770091791706,"msg":"Setting up liquidity pool with 1000000 LP tokens..."}
{"level":30,"time":1770091791706,"msg":"Note: After setup, use \"add\" command to add X and Y liquidity"}
{"level":50,"time":1770091791706,"msg":"Command failed:"}
{"level":50,"time":1770091791706,"msg":"Cannot read properties of undefined (reading 'unshielded')"}
{"level":50,"time":1770091791707,"msg":"TypeError: Cannot read properties of undefined (reading 'unshielded')\n    at run (/media/son/Projects1/venera/midnight/tutorial/learn_build/exp2/midnight-dex-contract/deploy-cli/src/interact.ts:192:62)"}
