{"level":30,"time":1770043664867,"msg":"========================================"}
{"level":30,"time":1770043664869,"msg":"FaucetAMM CLI"}
{"level":30,"time":1770043664869,"msg":"========================================"}
{"level":30,"time":1770043664869,"msg":"Step 1: Initializing wallet..."}
{"level":30,"time":1770043664869,"msg":"Building wallet from mnemonic..."}
{"level":30,"time":1770043664984,"msg":"Your wallet address: mn_addr_preview17mdawv4sf845jw4rlepl93m3q0hs7ekpntcx0gnzsrkrl2rx46eskt64lm"}
{"level":30,"time":1770043664984,"msg":"Waiting for wallet to sync..."}
{"level":30,"time":1770043664992,"msg":"Waiting for wallet sync. Synced: false"}
{"level":30,"time":1770043670064,"msg":"Waiting for wallet sync. Synced: false"}
{"level":30,"time":1770043698307,"msg":"Waiting for wallet sync. Synced: true"}
{"level":30,"time":1770043698319,"msg":"DEBUG: Wallet synced, checking balances..."}
{"level":30,"time":1770043698340,"msg":"Unshielded balance: 1000000000 tSTAR"}
{"level":30,"time":1770043698340,"msg":"Shielded balance: 0 tSTAR"}
{"level":30,"time":1770043698340,"msg":"Total balance: 1000000000 tSTAR"}
{"level":30,"time":1770043698342,"msg":"DEBUG: Total balance: 1000000000"}
{"level":30,"time":1770043698342,"msg":"DEBUG: Starting dust registration..."}
{"level":30,"time":1770043698348,"section":"DUST Registration Debug","availableCoinsCount":1,"dustBalance":2019481499999999994,"coinsMeta":[{"registeredForDustGeneration":true,"hasMetaField":true}]}
{"level":30,"time":1770043698349,"msg":"All Night UTXOs are already registered for dust generation"}
{"level":30,"time":1770043698349,"msg":"Current dust balance: 2019481499999999994"}
{"level":30,"time":1770043698351,"msg":"DEBUG: Dust registration complete."}
{"level":30,"time":1770043698352,"msg":"Step 2: Configuring providers..."}
{"level":30,"time":1770043698356,"section":"DUST Wallet State","dust":{"capabilities":{"coinsAndBalances":{},"keys":{},"serialization":{}},"protocolVersion":0,"state":{"networkId":"preview","pendingDustTokens":[],"progress":{"appliedIndex":608,"highestIndex":0,"highestRelevantIndex":0,"highestRelevantWalletIndex":608,"isConnected":true},"protocolVersion":0,"publicKey":{"publicKey":15910875447565964891213978322799052612442083852947537543067608621265097140841},"state":{"__wbg_ptr":9083200}}}}
{"level":30,"time":1770043698357,"section":"Shielded Wallet State","shielded":{"capabilities":{"coinsAndBalances":{},"keys":{},"serialization":{},"transactionHistory":{}},"protocolVersion":0,"state":{"coinHashes":{},"networkId":"preview","progress":{"appliedIndex":482,"highestIndex":0,"highestRelevantIndex":0,"highestRelevantWalletIndex":482,"isConnected":true},"protocolVersion":0,"publicKeys":{"coinPublicKey":"e1aa86317907c717908b15a9b480774a2ede12a95217dc8bff486be9664e2717","encryptionPublicKey":"b4732bf85983ed47631e2bd2ee918918ba3a3f2a67fdf17412d41280d065f3c8"},"state":{"__wbg_ptr":5626048},"txHistoryArray":[]}}}
{"level":30,"time":1770043698357,"section":"Unshielded Wallet State","unshielded":{"capabilities":{"coinsAndBalances":{},"keys":{},"serialization":{},"transactionHistory":{}},"protocolVersion":0,"state":{"networkId":"preview","progress":{"appliedId":246,"highestTransactionId":246,"isConnected":true},"protocolVersion":0,"publicKey":{"address":"mn_addr_preview17mdawv4sf845jw4rlepl93m3q0hs7ekpntcx0gnzsrkrl2rx46eskt64lm","addressHex":"f6dbd732b049eb493aa3fe43f2c77103ef0f66c19af067a26280ec3fa866aeb3","publicKey":"9f53d5c876fa6229cba7361c35d709c7d1c0334c0c29ae4f199750c9a3244e92"},"state":{"availableUtxos":{"_id":"HashMap","values":["[Array]"]},"pendingUtxos":{"_id":"HashMap","values":[]}}}}}
{"level":30,"time":1770043698362,"msg":"Step 3: Finding contract at db94208dc14fe98f40439286744357583bfb46ff3d0a411df40c2a2d8142a953..."}
{"level":50,"time":1770043702207,"msg":"Command failed:"}
{"level":50,"time":1770043702207,"msg":"Cannot read properties of undefined (reading 'ctor')"}
{"level":50,"time":1770043702207,"msg":"TypeError: Cannot read properties of undefined (reading 'ctor')\n    at /media/son/Projects1/venera/midnight/tutorial/learn_build/exp2/midnight-dex-contract/deploy-cli/node_modules/@midnight-ntwrk/compact-js/src/effect/internal/compactContext.ts:46:18\n    at <anonymous> (/media/son/Projects1/venera/midnight/tutorial/learn_build/exp2/midnight-dex-contract/deploy-cli/node_modules/effect/src/internal/fiberRuntime.ts:1156:41)\n    at body (/media/son/Projects1/venera/midnight/tutorial/learn_build/exp2/midnight-dex-contract/deploy-cli/node_modules/effect/src/Utils.ts:786:14)\n    at FiberRuntime.Sync (/media/son/Projects1/venera/midnight/tutorial/learn_build/exp2/midnight-dex-contract/deploy-cli/node_modules/effect/src/internal/fiberRuntime.ts:1156:19)\n    at <anonymous> (/media/son/Projects1/venera/midnight/tutorial/learn_build/exp2/midnight-dex-contract/deploy-cli/node_modules/effect/src/internal/fiberRuntime.ts:1393:53)\n    at Object.f (/media/son/Projects1/venera/midnight/tutorial/learn_build/exp2/midnight-dex-contract/deploy-cli/node_modules/effect/src/internal/tracer.ts:101:19)\n    at FiberRuntime.runLoop (/media/son/Projects1/venera/midnight/tutorial/learn_build/exp2/midnight-dex-contract/deploy-cli/node_modules/effect/src/internal/fiberRuntime.ts:1379:34)\n    at FiberRuntime.evaluateEffect (/media/son/Projects1/venera/midnight/tutorial/learn_build/exp2/midnight-dex-contract/deploy-cli/node_modules/effect/src/internal/fiberRuntime.ts:945:27)\n    at FiberRuntime.start (/media/son/Projects1/venera/midnight/tutorial/learn_build/exp2/midnight-dex-contract/deploy-cli/node_modules/effect/src/internal/fiberRuntime.ts:999:14)\n    at <anonymous> (/media/son/Projects1/venera/midnight/tutorial/learn_build/exp2/midnight-dex-contract/deploy-cli/node_modules/effect/src/internal/runtime.ts:116:18)"}
