{"level":30,"time":1770093530814,"msg":"========================================"}
{"level":30,"time":1770093530816,"msg":"FaucetAMM Contract Deployment on PREVIEW NETWORK"}
{"level":30,"time":1770093530816,"msg":"========================================"}
{"level":30,"time":1770093530816,"msg":"Step 1: Initializing wallet from mnemonic..."}
{"level":30,"time":1770093530817,"msg":"Building wallet from mnemonic..."}
{"level":30,"time":1770093530937,"msg":"Your wallet address: mn_addr_preview17mdawv4sf845jw4rlepl93m3q0hs7ekpntcx0gnzsrkrl2rx46eskt64lm"}
{"level":30,"time":1770093530937,"msg":"Waiting for wallet to sync (timeout: 3 minutes)..."}
{"level":30,"time":1770093530945,"msg":"Waiting for wallet sync. Synced: false"}
{"level":30,"time":1770093562517,"msg":"Waiting for wallet sync. Synced: true"}
{"level":30,"time":1770093562522,"msg":"✅ Wallet synced successfully!"}
{"level":30,"time":1770093562522,"msg":"DEBUG: Wallet synced, checking balances..."}
{"level":30,"time":1770093562532,"msg":"Unshielded balance: 1000000000 tSTAR"}
{"level":30,"time":1770093562532,"msg":"Shielded balance: 0 tSTAR"}
{"level":30,"time":1770093562532,"msg":"Total balance: 1000000000 tSTAR"}
{"level":30,"time":1770093562534,"msg":"DEBUG: Total balance: 1000000000"}
{"level":30,"time":1770093562534,"msg":"DEBUG: Starting dust registration..."}
{"level":30,"time":1770093562539,"section":"DUST Registration Debug","availableCoinsCount":11,"dustBalance":2425707187999999974,"coinsMeta":[{"registeredForDustGeneration":false,"hasMetaField":true},{"registeredForDustGeneration":false,"hasMetaField":true},{"registeredForDustGeneration":false,"hasMetaField":true},{"registeredForDustGeneration":false,"hasMetaField":true},{"registeredForDustGeneration":false,"hasMetaField":true},{"registeredForDustGeneration":true,"hasMetaField":true},{"registeredForDustGeneration":false,"hasMetaField":true},{"registeredForDustGeneration":false,"hasMetaField":true},{"registeredForDustGeneration":false,"hasMetaField":true},{"registeredForDustGeneration":false,"hasMetaField":true},{"registeredForDustGeneration":false,"hasMetaField":true}]}
{"level":30,"time":1770093562540,"msg":"Found 10 unshielded Night UTXOs not registered for dust generation"}
{"level":30,"time":1770093562540,"msg":"Registering Night UTXOs for dust generation..."}
{"level":50,"time":1770093562553,"msg":"Failed to register Night UTXOs for dust: (FiberFailure) Wallet.Other: Other wallet error: Token of a non-Night type received\n    at Object.other (file:///media/son/Projects1/venera/midnight/tutorial/learn_build/exp2/midnight-dex-contract/deploy-cli/node_modules/@midnight-ntwrk/wallet-sdk-shielded/dist/v1/WalletError.js:37:16)\n    at RunningV1Variant.createDustGenerationTransaction (file:///media/son/Projects1/venera/midnight/tutorial/learn_build/exp2/midnight-dex-contract/deploy-cli/node_modules/@midnight-ntwrk/wallet-sdk-dust-wallet/dist/RunningV1Variant.js:82:56)\n    at [V1] (file:///media/son/Projects1/venera/midnight/tutorial/learn_build/exp2/midnight-dex-contract/deploy-cli/node_modules/@midnight-ntwrk/wallet-sdk-dust-wallet/dist/DustWallet.js:98:37)\n    at Module.dispatch (file:///media/son/Projects1/venera/midnight/tutorial/learn_build/exp2/midnight-dex-contract/deploy-cli/node_modules/@midnight-ntwrk/wallet-sdk-utilities/dist/polyFunction.js:7:16)\n    at file:///media/son/Projects1/venera/midnight/tutorial/learn_build/exp2/midnight-dex-contract/deploy-cli/node_modules/@midnight-ntwrk/wallet-sdk-runtime/dist/Runtime.js:50:73\n    at <anonymous> (/media/son/Projects1/venera/midnight/tutorial/learn_build/exp2/midnight-dex-contract/deploy-cli/node_modules/effect/src/internal/fiberRuntime.ts:151:36)\n    at body (/media/son/Projects1/venera/midnight/tutorial/learn_build/exp2/midnight-dex-contract/deploy-cli/node_modules/effect/src/Utils.ts:786:14)\n    at Object.OnSuccess (/media/son/Projects1/venera/midnight/tutorial/learn_build/exp2/midnight-dex-contract/deploy-cli/node_modules/effect/src/internal/fiberRuntime.ts:151:12)\n    at FiberRuntime.Sync (/media/son/Projects1/venera/midnight/tutorial/learn_build/exp2/midnight-dex-contract/deploy-cli/node_modules/effect/src/internal/fiberRuntime.ts:1164:37)\n    at <anonymous> (/media/son/Projects1/venera/midnight/tutorial/learn_build/exp2/midnight-dex-contract/deploy-cli/node_modules/effect/src/internal/fiberRuntime.ts:1393:53) {\n  [cause]: Error: Token of a non-Night type received\n}"}
{"level":30,"time":1770093562554,"msg":"DEBUG: Dust registration complete."}
{"level":30,"time":1770093562554,"msg":"Step 2: Configuring providers..."}
{"level":30,"time":1770093562557,"section":"DUST Wallet State","dust":{"capabilities":{"coinsAndBalances":{},"keys":{},"serialization":{}},"protocolVersion":0,"state":{"networkId":"preview","pendingDustTokens":[],"progress":{"appliedIndex":649,"highestIndex":0,"highestRelevantIndex":0,"highestRelevantWalletIndex":649,"isConnected":true},"protocolVersion":0,"publicKey":{"publicKey":15910875447565964891213978322799052612442083852947537543067608621265097140841},"state":{"__wbg_ptr":8716080}}}}
{"level":30,"time":1770093562557,"section":"Shielded Wallet State","shielded":{"capabilities":{"coinsAndBalances":{},"keys":{},"serialization":{},"transactionHistory":{}},"protocolVersion":0,"state":{"coinHashes":{},"networkId":"preview","progress":{"appliedIndex":633,"highestIndex":0,"highestRelevantIndex":0,"highestRelevantWalletIndex":633,"isConnected":true},"protocolVersion":0,"publicKeys":{"coinPublicKey":"e1aa86317907c717908b15a9b480774a2ede12a95217dc8bff486be9664e2717","encryptionPublicKey":"b4732bf85983ed47631e2bd2ee918918ba3a3f2a67fdf17412d41280d065f3c8"},"state":{"__wbg_ptr":6102664},"txHistoryArray":[]}}}
{"level":30,"time":1770093562558,"section":"Unshielded Wallet State","unshielded":{"capabilities":{"coinsAndBalances":{},"keys":{},"serialization":{},"transactionHistory":{}},"protocolVersion":0,"state":{"networkId":"preview","progress":{"appliedId":337,"highestTransactionId":337,"isConnected":true},"protocolVersion":0,"publicKey":{"address":"mn_addr_preview17mdawv4sf845jw4rlepl93m3q0hs7ekpntcx0gnzsrkrl2rx46eskt64lm","addressHex":"f6dbd732b049eb493aa3fe43f2c77103ef0f66c19af067a26280ec3fa866aeb3","publicKey":"9f53d5c876fa6229cba7361c35d709c7d1c0334c0c29ae4f199750c9a3244e92"},"state":{"availableUtxos":{"_id":"HashMap","values":["[Array]","[Array]","[Array]","[Array]","[Array]","[Array]","[Array]","[Array]","[Array]","[Array]","[Array]"]},"pendingUtxos":{"_id":"HashMap","values":[]}}}}}
{"level":30,"time":1770093562562,"msg":"Step 3: Deploying FaucetAMM contract..."}
{"level":30,"time":1770093562562,"msg":"Deploying FaucetAMMUnshielded contract with feeBps = 10..."}
{"level":30,"time":1770093562616,"msg":"DEBUG balanceTx: Starting balanceUnboundTransaction..."}
{"level":30,"time":1770093563708,"msg":"DEBUG balanceTx: Recipe type = UNBOUND_TRANSACTION, has balancingTx = true"}
{"level":30,"time":1770093563708,"msg":"DEBUG balanceTx: Starting finalizeRecipe..."}
{"level":30,"time":1770093564115,"msg":"DEBUG balanceTx: finalizeRecipe succeeded"}
{"level":30,"time":1770093585611,"msg":"Deployed at: 0681bddc7ae08fc1687470d5c70d9ef4c7477655e72262b0db131598c7ee6d6c"}
{"level":30,"time":1770093585612,"msg":"========================================"}
{"level":30,"time":1770093585612,"msg":"DEPLOYMENT SUCCESSFUL!"}
{"level":30,"time":1770093585612,"msg":"Contract Address: 0681bddc7ae08fc1687470d5c70d9ef4c7477655e72262b0db131598c7ee6d6c"}
{"level":30,"time":1770093585612,"msg":"========================================"}
{"level":30,"time":1770093585612,"msg":"Step 4: Verifying contract state..."}
{"level":30,"time":1770093585612,"msg":"Checking contract ledger state..."}
{"level":30,"time":1770093585878,"section":"Ledger State","feeBps":"10","xLiquidity":"0","yLiquidity":"0","lpCirculatingSupply":"0"}
{"level":30,"time":1770093585879,"msg":"Current state - feeBps: 10, xLiquidity: 0, yLiquidity: 0"}
{"level":30,"time":1770093585879,"msg":""}
{"level":30,"time":1770093585879,"msg":"Next steps:"}
{"level":30,"time":1770093585879,"msg":"1. Use mintTestTokensX/Y to mint test tokens"}
{"level":30,"time":1770093585879,"msg":"2. Use initLiquidity to initialize the pool"}
{"level":30,"time":1770093585879,"msg":"3. Use swapXToY/swapYToX to test swaps"}
