{"level":30,"time":1770097774077,"msg":"========================================"}
{"level":30,"time":1770097774079,"msg":"FaucetAMM Contract Deployment on PREVIEW NETWORK"}
{"level":30,"time":1770097774079,"msg":"========================================"}
{"level":30,"time":1770097774079,"msg":"Step 1: Initializing wallet from mnemonic..."}
{"level":30,"time":1770097774079,"msg":"Building wallet from mnemonic..."}
{"level":30,"time":1770097774186,"msg":"Your wallet address: mn_addr_preview17mdawv4sf845jw4rlepl93m3q0hs7ekpntcx0gnzsrkrl2rx46eskt64lm"}
{"level":30,"time":1770097774186,"msg":"Waiting for wallet to sync..."}
{"level":30,"time":1770097774193,"msg":"Waiting for wallet sync. Synced: false"}
{"level":30,"time":1770097805767,"msg":"Waiting for wallet sync. Synced: true"}
{"level":30,"time":1770097805769,"msg":"DEBUG: Wallet synced, checking balances..."}
{"level":30,"time":1770097805779,"msg":"Unshielded balance: 1000000000 tSTAR"}
{"level":30,"time":1770097805779,"msg":"Shielded balance: 0 tSTAR"}
{"level":30,"time":1770097805779,"msg":"Total balance: 1000000000 tSTAR"}
{"level":30,"time":1770097805781,"msg":"DEBUG: Total balance: 1000000000"}
{"level":30,"time":1770097805781,"msg":"DEBUG: Starting dust registration..."}
{"level":30,"time":1770097805787,"section":"DUST Registration Debug","availableCoinsCount":11,"dustBalance":2460184068999999972,"coinsMeta":[{"registeredForDustGeneration":false,"hasMetaField":true},{"registeredForDustGeneration":false,"hasMetaField":true},{"registeredForDustGeneration":false,"hasMetaField":true},{"registeredForDustGeneration":false,"hasMetaField":true},{"registeredForDustGeneration":false,"hasMetaField":true},{"registeredForDustGeneration":true,"hasMetaField":true},{"registeredForDustGeneration":false,"hasMetaField":true},{"registeredForDustGeneration":false,"hasMetaField":true},{"registeredForDustGeneration":false,"hasMetaField":true},{"registeredForDustGeneration":false,"hasMetaField":true},{"registeredForDustGeneration":false,"hasMetaField":true}]}
{"level":30,"time":1770097805788,"msg":"Found 10 unshielded Night UTXOs not registered for dust generation"}
{"level":30,"time":1770097805788,"msg":"Registering Night UTXOs for dust generation..."}
{"level":50,"time":1770097805804,"msg":"Failed to register Night UTXOs for dust: (FiberFailure) Wallet.Other: Other wallet error: Token of a non-Night type received\n    at Object.other (file:///media/son/Projects1/venera/midnight/tutorial/learn_build/exp2/midnight-dex-contract/deploy-cli/node_modules/.pnpm/@midnight-ntwrk+wallet-sdk-shielded@1.0.0/node_modules/@midnight-ntwrk/wallet-sdk-shielded/dist/v1/WalletError.js:37:16)\n    at RunningV1Variant.createDustGenerationTransaction (file:///media/son/Projects1/venera/midnight/tutorial/learn_build/exp2/midnight-dex-contract/deploy-cli/node_modules/.pnpm/@midnight-ntwrk+wallet-sdk-dust-wallet@1.0.0_ws@8.18.2/node_modules/@midnight-ntwrk/wallet-sdk-dust-wallet/dist/RunningV1Variant.js:82:56)\n    at [V1] (file:///media/son/Projects1/venera/midnight/tutorial/learn_build/exp2/midnight-dex-contract/deploy-cli/node_modules/.pnpm/@midnight-ntwrk+wallet-sdk-dust-wallet@1.0.0_ws@8.18.2/node_modules/@midnight-ntwrk/wallet-sdk-dust-wallet/dist/DustWallet.js:98:37)\n    at Module.dispatch (file:///media/son/Projects1/venera/midnight/tutorial/learn_build/exp2/midnight-dex-contract/deploy-cli/node_modules/.pnpm/@midnight-ntwrk+wallet-sdk-utilities@1.0.0/node_modules/@midnight-ntwrk/wallet-sdk-utilities/dist/polyFunction.js:7:16)\n    at file:///media/son/Projects1/venera/midnight/tutorial/learn_build/exp2/midnight-dex-contract/deploy-cli/node_modules/.pnpm/@midnight-ntwrk+wallet-sdk-runtime@1.0.0/node_modules/@midnight-ntwrk/wallet-sdk-runtime/dist/Runtime.js:50:73\n    at <anonymous> (/media/son/Projects1/venera/midnight/tutorial/learn_build/exp2/midnight-dex-contract/deploy-cli/node_modules/.pnpm/effect@3.19.15/node_modules/effect/src/internal/fiberRuntime.ts:151:36)\n    at body (/media/son/Projects1/venera/midnight/tutorial/learn_build/exp2/midnight-dex-contract/deploy-cli/node_modules/.pnpm/effect@3.19.15/node_modules/effect/src/Utils.ts:786:14)\n    at Object.OnSuccess (/media/son/Projects1/venera/midnight/tutorial/learn_build/exp2/midnight-dex-contract/deploy-cli/node_modules/.pnpm/effect@3.19.15/node_modules/effect/src/internal/fiberRuntime.ts:151:12)\n    at FiberRuntime.Sync (/media/son/Projects1/venera/midnight/tutorial/learn_build/exp2/midnight-dex-contract/deploy-cli/node_modules/.pnpm/effect@3.19.15/node_modules/effect/src/internal/fiberRuntime.ts:1164:37)\n    at <anonymous> (/media/son/Projects1/venera/midnight/tutorial/learn_build/exp2/midnight-dex-contract/deploy-cli/node_modules/.pnpm/effect@3.19.15/node_modules/effect/src/internal/fiberRuntime.ts:1393:53) {\n  [cause]: Error: Token of a non-Night type received\n}"}
{"level":30,"time":1770097805804,"msg":"DEBUG: Dust registration complete."}
{"level":30,"time":1770097805804,"msg":"Step 2: Configuring providers..."}
{"level":30,"time":1770097805807,"section":"DUST Wallet State","dust":{"capabilities":{"coinsAndBalances":{},"keys":{},"serialization":{}},"protocolVersion":0,"state":{"networkId":"preview","pendingDustTokens":[],"progress":{"appliedIndex":651,"highestIndex":0,"highestRelevantIndex":0,"highestRelevantWalletIndex":651,"isConnected":true},"protocolVersion":0,"publicKey":{"publicKey":15910875447565964891213978322799052612442083852947537543067608621265097140841},"state":{"__wbg_ptr":8562688}}}}
{"level":30,"time":1770097805808,"section":"Shielded Wallet State","shielded":{"capabilities":{"coinsAndBalances":{},"keys":{},"serialization":{},"transactionHistory":{}},"protocolVersion":0,"state":{"coinHashes":{},"networkId":"preview","progress":{"appliedIndex":633,"highestIndex":0,"highestRelevantIndex":0,"highestRelevantWalletIndex":633,"isConnected":true},"protocolVersion":0,"publicKeys":{"coinPublicKey":"e1aa86317907c717908b15a9b480774a2ede12a95217dc8bff486be9664e2717","encryptionPublicKey":"b4732bf85983ed47631e2bd2ee918918ba3a3f2a67fdf17412d41280d065f3c8"},"state":{"__wbg_ptr":5516592},"txHistoryArray":[]}}}
{"level":30,"time":1770097805808,"section":"Unshielded Wallet State","unshielded":{"capabilities":{"coinsAndBalances":{},"keys":{},"serialization":{},"transactionHistory":{}},"protocolVersion":0,"state":{"networkId":"preview","progress":{"appliedId":337,"highestTransactionId":337,"isConnected":true},"protocolVersion":0,"publicKey":{"address":"mn_addr_preview17mdawv4sf845jw4rlepl93m3q0hs7ekpntcx0gnzsrkrl2rx46eskt64lm","addressHex":"f6dbd732b049eb493aa3fe43f2c77103ef0f66c19af067a26280ec3fa866aeb3","publicKey":"9f53d5c876fa6229cba7361c35d709c7d1c0334c0c29ae4f199750c9a3244e92"},"state":{"availableUtxos":{"_id":"HashMap","values":["[Array]","[Array]","[Array]","[Array]","[Array]","[Array]","[Array]","[Array]","[Array]","[Array]","[Array]"]},"pendingUtxos":{"_id":"HashMap","values":[]}}}}}
{"level":30,"time":1770097805812,"msg":"Step 3: Deploying FaucetAMM contract..."}
{"level":30,"time":1770097805812,"msg":"Deploying FaucetAMMUnshielded contract with feeBps = 10..."}
{"level":50,"time":1770097805813,"msg":"Deployment failed:"}
{"level":50,"time":1770097805813,"msg":"first (witnesses) argument to Contract constructor is not an object"}
{"level":50,"time":1770097805814,"msg":"CompactError: first (witnesses) argument to Contract constructor is not an object\n    at new Contract (/media/son/Projects1/venera/midnight/tutorial/learn_build/exp2/midnight-dex-contract/src/FaucetAMMUnshielded.compact:19:1)\n    at Module.deploy (/media/son/Projects1/venera/midnight/tutorial/learn_build/exp2/midnight-dex-contract/deploy-cli/src/api.ts:129:30)\n    at run (/media/son/Projects1/venera/midnight/tutorial/learn_build/exp2/midnight-dex-contract/deploy-cli/src/deploy.ts:33:44)\n    at process.processTicksAndRejections (node:internal/process/task_queues:105:5)"}
