{"level":30,"time":1770032446969,"msg":"========================================"}
{"level":30,"time":1770032446970,"msg":"FaucetAMM Contract Deployment on PREVIEW NETWORK"}
{"level":30,"time":1770032446971,"msg":"========================================"}
{"level":30,"time":1770032446971,"msg":"Step 1: Initializing wallet from mnemonic..."}
{"level":30,"time":1770032446971,"msg":"Building wallet from mnemonic..."}
{"level":30,"time":1770032447083,"msg":"Your wallet address: mn_addr_preview17mdawv4sf845jw4rlepl93m3q0hs7ekpntcx0gnzsrkrl2rx46eskt64lm"}
{"level":30,"time":1770032447083,"msg":"Waiting for wallet to sync..."}
{"level":30,"time":1770032447091,"msg":"Waiting for wallet sync. Synced: false"}
{"level":30,"time":1770032478565,"msg":"Waiting for wallet sync. Synced: true"}
{"level":30,"time":1770032478571,"msg":"DEBUG: Wallet synced, checking balances..."}
{"level":30,"time":1770032478590,"msg":"Unshielded balance: 1000000000 tSTAR"}
{"level":30,"time":1770032478590,"msg":"Shielded balance: 0 tSTAR"}
{"level":30,"time":1770032478591,"msg":"Total balance: 1000000000 tSTAR"}
{"level":30,"time":1770032478593,"msg":"DEBUG: Total balance: 1000000000"}
{"level":30,"time":1770032478593,"msg":"DEBUG: Starting dust registration..."}
{"level":30,"time":1770032478599,"section":"DUST Registration Debug","availableCoinsCount":1,"dustBalance":1928525760000000000,"coinsMeta":[{"registeredForDustGeneration":true,"hasMetaField":true}]}
{"level":30,"time":1770032478600,"msg":"All Night UTXOs are already registered for dust generation"}
{"level":30,"time":1770032478600,"msg":"Current dust balance: 1928525760000000000"}
{"level":30,"time":1770032478602,"msg":"DEBUG: Dust registration complete."}
{"level":30,"time":1770032478603,"msg":"Step 2: Configuring providers..."}
{"level":30,"time":1770032478607,"section":"DUST Wallet State","dust":{"capabilities":{"coinsAndBalances":{},"keys":{},"serialization":{}},"protocolVersion":0,"state":{"networkId":"preview","pendingDustTokens":[],"progress":{"appliedIndex":596,"highestIndex":0,"highestRelevantIndex":0,"highestRelevantWalletIndex":596,"isConnected":true},"protocolVersion":0,"publicKey":{"publicKey":15910875447565964891213978322799052612442083852947537543067608621265097140841},"state":{"__wbg_ptr":8295824}}}}
{"level":30,"time":1770032478607,"section":"Shielded Wallet State","shielded":{"capabilities":{"coinsAndBalances":{},"keys":{},"serialization":{},"transactionHistory":{}},"protocolVersion":0,"state":{"coinHashes":{},"networkId":"preview","progress":{"appliedIndex":482,"highestIndex":0,"highestRelevantIndex":0,"highestRelevantWalletIndex":482,"isConnected":true},"protocolVersion":0,"publicKeys":{"coinPublicKey":"e1aa86317907c717908b15a9b480774a2ede12a95217dc8bff486be9664e2717","encryptionPublicKey":"b4732bf85983ed47631e2bd2ee918918ba3a3f2a67fdf17412d41280d065f3c8"},"state":{"__wbg_ptr":5392408},"txHistoryArray":[]}}}
{"level":30,"time":1770032478607,"section":"Unshielded Wallet State","unshielded":{"capabilities":{"coinsAndBalances":{},"keys":{},"serialization":{},"transactionHistory":{}},"protocolVersion":0,"state":{"networkId":"preview","progress":{"appliedId":246,"highestTransactionId":246,"isConnected":true},"protocolVersion":0,"publicKey":{"address":"mn_addr_preview17mdawv4sf845jw4rlepl93m3q0hs7ekpntcx0gnzsrkrl2rx46eskt64lm","addressHex":"f6dbd732b049eb493aa3fe43f2c77103ef0f66c19af067a26280ec3fa866aeb3","publicKey":"9f53d5c876fa6229cba7361c35d709c7d1c0334c0c29ae4f199750c9a3244e92"},"state":{"availableUtxos":{"_id":"HashMap","values":["[Array]"]},"pendingUtxos":{"_id":"HashMap","values":[]}}}}}
{"level":30,"time":1770032478612,"msg":"Step 3: Deploying FaucetAMM contract..."}
{"level":30,"time":1770032478612,"msg":"Deploying FaucetAMM contract with feeBps = 10..."}
{"level":50,"time":1770032479680,"msg":"Deployment failed:"}
{"level":50,"time":1770032479680,"msg":"Failed to prove transaction"}
{"level":50,"time":1770032479680,"msg":"Wallet.Proving: Failed to prove transaction\n    at Object.onFailure (file:///media/son/Projects1/venera/midnight/tutorial/learn_build/exp2/midnight-dex-contract/deploy-cli/node_modules/@midnight-ntwrk/wallet-sdk-shielded/dist/v1/Proving.js:23:272)\n    at <anonymous> (/media/son/Projects1/venera/midnight/tutorial/learn_build/exp2/midnight-dex-contract/deploy-cli/node_modules/effect/src/internal/core.ts:910:24)\n    at <anonymous> (/media/son/Projects1/venera/midnight/tutorial/learn_build/exp2/midnight-dex-contract/deploy-cli/node_modules/effect/src/internal/fiberRuntime.ts:1195:44)\n    at body (/media/son/Projects1/venera/midnight/tutorial/learn_build/exp2/midnight-dex-contract/deploy-cli/node_modules/effect/src/Utils.ts:786:14)\n    at FiberRuntime.Failure (/media/son/Projects1/venera/midnight/tutorial/learn_build/exp2/midnight-dex-contract/deploy-cli/node_modules/effect/src/internal/fiberRuntime.ts:1195:20)\n    at <anonymous> (/media/son/Projects1/venera/midnight/tutorial/learn_build/exp2/midnight-dex-contract/deploy-cli/node_modules/effect/src/internal/fiberRuntime.ts:1393:53)\n    at Object.f (/media/son/Projects1/venera/midnight/tutorial/learn_build/exp2/midnight-dex-contract/deploy-cli/node_modules/effect/src/internal/tracer.ts:101:19)\n    at FiberRuntime.runLoop (/media/son/Projects1/venera/midnight/tutorial/learn_build/exp2/midnight-dex-contract/deploy-cli/node_modules/effect/src/internal/fiberRuntime.ts:1379:34)\n    at FiberRuntime.evaluateEffect (/media/son/Projects1/venera/midnight/tutorial/learn_build/exp2/midnight-dex-contract/deploy-cli/node_modules/effect/src/internal/fiberRuntime.ts:945:27)\n    at FiberRuntime.evaluateMessageWhileSuspended (/media/son/Projects1/venera/midnight/tutorial/learn_build/exp2/midnight-dex-contract/deploy-cli/node_modules/effect/src/internal/fiberRuntime.ts:913:14)"}
