{"level":30,"time":1770127865545,"msg":"========================================"}
{"level":30,"time":1770127865547,"msg":"FaucetAMM Contract Deployment on PREVIEW NETWORK"}
{"level":30,"time":1770127865547,"msg":"========================================"}
{"level":30,"time":1770127865548,"msg":"Step 1: Initializing wallet from mnemonic..."}
{"level":30,"time":1770127865548,"msg":"Building wallet from mnemonic..."}
{"level":30,"time":1770127865663,"msg":"Your wallet address: mn_addr_preview17mdawv4sf845jw4rlepl93m3q0hs7ekpntcx0gnzsrkrl2rx46eskt64lm"}
{"level":30,"time":1770127865663,"msg":"Waiting for wallet to sync..."}
{"level":30,"time":1770127865671,"msg":"Waiting for wallet sync. Synced: false"}
{"level":30,"time":1770127897221,"msg":"Waiting for wallet sync. Synced: true"}
{"level":30,"time":1770127897230,"msg":"DEBUG: Wallet synced, checking balances..."}
{"level":30,"time":1770127897245,"msg":"Unshielded balance: 1000000000 tSTAR"}
{"level":30,"time":1770127897245,"msg":"Shielded balance: 0 tSTAR"}
{"level":30,"time":1770127897246,"msg":"Total balance: 1000000000 tSTAR"}
{"level":30,"time":1770127897248,"msg":"DEBUG: Total balance: 1000000000"}
{"level":30,"time":1770127897248,"msg":"DEBUG: Starting dust registration..."}
{"level":30,"time":1770127897254,"section":"DUST Registration Debug","availableCoinsCount":19,"dustBalance":2705054632999999959,"coinsMeta":[{"registeredForDustGeneration":false,"hasMetaField":true},{"registeredForDustGeneration":false,"hasMetaField":true},{"registeredForDustGeneration":false,"hasMetaField":true},{"registeredForDustGeneration":false,"hasMetaField":true},{"registeredForDustGeneration":false,"hasMetaField":true},{"registeredForDustGeneration":false,"hasMetaField":true},{"registeredForDustGeneration":false,"hasMetaField":true},{"registeredForDustGeneration":false,"hasMetaField":true},{"registeredForDustGeneration":false,"hasMetaField":true},{"registeredForDustGeneration":false,"hasMetaField":true},{"registeredForDustGeneration":false,"hasMetaField":true},{"registeredForDustGeneration":true,"hasMetaField":true},{"registeredForDustGeneration":false,"hasMetaField":true},{"registeredForDustGeneration":false,"hasMetaField":true},{"registeredForDustGeneration":false,"hasMetaField":true},{"registeredForDustGeneration":false,"hasMetaField":true},{"registeredForDustGeneration":false,"hasMetaField":true},{"registeredForDustGeneration":false,"hasMetaField":true},{"registeredForDustGeneration":false,"hasMetaField":true}]}
{"level":30,"time":1770127897254,"msg":"Found 18 unshielded Night UTXOs not registered for dust generation"}
{"level":30,"time":1770127897255,"msg":"Registering Night UTXOs for dust generation..."}
{"level":50,"time":1770127897268,"msg":"Failed to register Night UTXOs for dust: (FiberFailure) Wallet.Other: Other wallet error: Token of a non-Night type received\n    at Object.other (file:///media/son/Projects1/venera/midnight/tutorial/learn_build/exp2/midnight-dex-contract/deploy-cli/node_modules/.pnpm/@midnight-ntwrk+wallet-sdk-shielded@1.0.0/node_modules/@midnight-ntwrk/wallet-sdk-shielded/dist/v1/WalletError.js:37:16)\n    at RunningV1Variant.createDustGenerationTransaction (file:///media/son/Projects1/venera/midnight/tutorial/learn_build/exp2/midnight-dex-contract/deploy-cli/node_modules/.pnpm/@midnight-ntwrk+wallet-sdk-dust-wallet@1.0.0_ws@8.18.2/node_modules/@midnight-ntwrk/wallet-sdk-dust-wallet/dist/RunningV1Variant.js:82:56)\n    at [V1] (file:///media/son/Projects1/venera/midnight/tutorial/learn_build/exp2/midnight-dex-contract/deploy-cli/node_modules/.pnpm/@midnight-ntwrk+wallet-sdk-dust-wallet@1.0.0_ws@8.18.2/node_modules/@midnight-ntwrk/wallet-sdk-dust-wallet/dist/DustWallet.js:98:37)\n    at Module.dispatch (file:///media/son/Projects1/venera/midnight/tutorial/learn_build/exp2/midnight-dex-contract/deploy-cli/node_modules/.pnpm/@midnight-ntwrk+wallet-sdk-utilities@1.0.0/node_modules/@midnight-ntwrk/wallet-sdk-utilities/dist/polyFunction.js:7:16)\n    at file:///media/son/Projects1/venera/midnight/tutorial/learn_build/exp2/midnight-dex-contract/deploy-cli/node_modules/.pnpm/@midnight-ntwrk+wallet-sdk-runtime@1.0.0/node_modules/@midnight-ntwrk/wallet-sdk-runtime/dist/Runtime.js:50:73\n    at <anonymous> (/media/son/Projects1/venera/midnight/tutorial/learn_build/exp2/midnight-dex-contract/deploy-cli/node_modules/.pnpm/effect@3.19.15/node_modules/effect/src/internal/fiberRuntime.ts:151:36)\n    at body (/media/son/Projects1/venera/midnight/tutorial/learn_build/exp2/midnight-dex-contract/deploy-cli/node_modules/.pnpm/effect@3.19.15/node_modules/effect/src/Utils.ts:786:14)\n    at Object.OnSuccess (/media/son/Projects1/venera/midnight/tutorial/learn_build/exp2/midnight-dex-contract/deploy-cli/node_modules/.pnpm/effect@3.19.15/node_modules/effect/src/internal/fiberRuntime.ts:151:12)\n    at FiberRuntime.Sync (/media/son/Projects1/venera/midnight/tutorial/learn_build/exp2/midnight-dex-contract/deploy-cli/node_modules/.pnpm/effect@3.19.15/node_modules/effect/src/internal/fiberRuntime.ts:1164:37)\n    at <anonymous> (/media/son/Projects1/venera/midnight/tutorial/learn_build/exp2/midnight-dex-contract/deploy-cli/node_modules/.pnpm/effect@3.19.15/node_modules/effect/src/internal/fiberRuntime.ts:1393:53) {\n  [cause]: Error: Token of a non-Night type received\n}"}
{"level":30,"time":1770127897269,"msg":"DEBUG: Dust registration complete."}
{"level":30,"time":1770127897269,"msg":"Step 2: Configuring providers..."}
{"level":30,"time":1770127897272,"section":"DUST Wallet State","dust":{"capabilities":{"coinsAndBalances":{},"keys":{},"serialization":{}},"protocolVersion":0,"state":{"networkId":"preview","pendingDustTokens":[],"progress":{"appliedIndex":708,"highestIndex":0,"highestRelevantIndex":0,"highestRelevantWalletIndex":708,"isConnected":true},"protocolVersion":0,"publicKey":{"publicKey":15910875447565964891213978322799052612442083852947537543067608621265097140841},"state":{"__wbg_ptr":9211120}}}}
{"level":30,"time":1770127897272,"section":"Shielded Wallet State","shielded":{"capabilities":{"coinsAndBalances":{},"keys":{},"serialization":{},"transactionHistory":{}},"protocolVersion":0,"state":{"coinHashes":{},"networkId":"preview","progress":{"appliedIndex":633,"highestIndex":0,"highestRelevantIndex":0,"highestRelevantWalletIndex":633,"isConnected":true},"protocolVersion":0,"publicKeys":{"coinPublicKey":"e1aa86317907c717908b15a9b480774a2ede12a95217dc8bff486be9664e2717","encryptionPublicKey":"b4732bf85983ed47631e2bd2ee918918ba3a3f2a67fdf17412d41280d065f3c8"},"state":{"__wbg_ptr":5174856},"txHistoryArray":[]}}}
{"level":30,"time":1770127897273,"section":"Unshielded Wallet State","unshielded":{"capabilities":{"coinsAndBalances":{},"keys":{},"serialization":{},"transactionHistory":{}},"protocolVersion":0,"state":{"networkId":"preview","progress":{"appliedId":393,"highestTransactionId":393,"isConnected":true},"protocolVersion":0,"publicKey":{"address":"mn_addr_preview17mdawv4sf845jw4rlepl93m3q0hs7ekpntcx0gnzsrkrl2rx46eskt64lm","addressHex":"f6dbd732b049eb493aa3fe43f2c77103ef0f66c19af067a26280ec3fa866aeb3","publicKey":"9f53d5c876fa6229cba7361c35d709c7d1c0334c0c29ae4f199750c9a3244e92"},"state":{"availableUtxos":{"_id":"HashMap","values":["[Array]","[Array]","[Array]","[Array]","[Array]","[Array]","[Array]","[Array]","[Array]","[Array]","[Array]","[Array]","[Array]","[Array]","[Array]","[Array]","[Array]","[Array]","[Array]"]},"pendingUtxos":{"_id":"HashMap","values":[]}}}}}
{"level":30,"time":1770127897277,"msg":"Step 3: Deploying FaucetAMM contract..."}
{"level":30,"time":1770127897277,"msg":"Deploying FaucetAMMUnshielded contract with feeBps = 10..."}
{"level":30,"time":1770127897331,"msg":"DEBUG balanceTx: Starting balanceUnboundTransaction..."}
{"level":30,"time":1770127898383,"msg":"DEBUG balanceTx: Recipe type = UNBOUND_TRANSACTION, has balancingTx = true"}
{"level":30,"time":1770127898383,"msg":"DEBUG balanceTx: Starting finalizeRecipe..."}
{"level":30,"time":1770127898754,"msg":"DEBUG balanceTx: finalizeRecipe succeeded"}
{"level":30,"time":1770127916989,"msg":"Deployed at: a7871813245b07113eaf5dc864c1f9f363bbd8a046f9ef2da3169c2b918a37ed"}
{"level":30,"time":1770127916989,"msg":"========================================"}
{"level":30,"time":1770127916989,"msg":"DEPLOYMENT SUCCESSFUL!"}
{"level":30,"time":1770127916989,"msg":"Contract Address: a7871813245b07113eaf5dc864c1f9f363bbd8a046f9ef2da3169c2b918a37ed"}
{"level":30,"time":1770127916989,"msg":"========================================"}
{"level":30,"time":1770127916989,"msg":"Step 4: Verifying contract state..."}
{"level":30,"time":1770127916989,"msg":"Checking contract ledger state..."}
{"level":30,"time":1770127917222,"section":"Ledger State","feeBps":"10","xLiquidity":"0","yLiquidity":"0","lpCirculatingSupply":"0"}
{"level":30,"time":1770127917222,"msg":"Current state - feeBps: 10, xLiquidity: 0, yLiquidity: 0"}
{"level":30,"time":1770127917222,"msg":""}
{"level":30,"time":1770127917222,"msg":"Next steps:"}
{"level":30,"time":1770127917223,"msg":"1. Use mintTestTokensX/Y to mint test tokens"}
{"level":30,"time":1770127917223,"msg":"2. Use initLiquidity to initialize the pool"}
{"level":30,"time":1770127917223,"msg":"3. Use swapXToY/swapYToX to test swaps"}
