{"level":30,"time":1770043184878,"msg":"========================================"}
{"level":30,"time":1770043184880,"msg":"FaucetAMM CLI"}
{"level":30,"time":1770043184881,"msg":"========================================"}
{"level":30,"time":1770043184881,"msg":"Step 1: Initializing wallet..."}
{"level":30,"time":1770043184881,"msg":"Building wallet from mnemonic..."}
{"level":30,"time":1770043184988,"msg":"Your wallet address: mn_addr_preview17mdawv4sf845jw4rlepl93m3q0hs7ekpntcx0gnzsrkrl2rx46eskt64lm"}
{"level":30,"time":1770043184989,"msg":"Waiting for wallet to sync..."}
{"level":30,"time":1770043184996,"msg":"Waiting for wallet sync. Synced: false"}
{"level":30,"time":1770043218390,"msg":"Waiting for wallet sync. Synced: false"}
{"level":30,"time":1770043248397,"msg":"Waiting for wallet sync. Synced: false"}
{"level":30,"time":1770043278419,"msg":"Waiting for wallet sync. Synced: false"}
{"level":30,"time":1770043308409,"msg":"Waiting for wallet sync. Synced: false"}
{"level":30,"time":1770043338360,"msg":"Waiting for wallet sync. Synced: false"}
{"level":30,"time":1770043368384,"msg":"Waiting for wallet sync. Synced: false"}
{"level":30,"time":1770043398385,"msg":"Waiting for wallet sync. Synced: false"}
{"level":30,"time":1770043428341,"msg":"Waiting for wallet sync. Synced: false"}
{"level":30,"time":1770043458330,"msg":"Waiting for wallet sync. Synced: false"}
{"level":30,"time":1770043488386,"msg":"Waiting for wallet sync. Synced: false"}
{"level":30,"time":1770043518369,"msg":"Waiting for wallet sync. Synced: false"}
{"level":30,"time":1770043548406,"msg":"Waiting for wallet sync. Synced: false"}
{"level":30,"time":1770043578308,"msg":"Waiting for wallet sync. Synced: false"}
{"level":30,"time":1770043608394,"msg":"Waiting for wallet sync. Synced: false"}
{"level":30,"time":1770043638320,"msg":"Waiting for wallet sync. Synced: false"}
{"level":30,"time":1770043668283,"msg":"Waiting for wallet sync. Synced: false"}
{"level":30,"time":1770043698353,"msg":"Waiting for wallet sync. Synced: false"}
{"level":30,"time":1770043728354,"msg":"Waiting for wallet sync. Synced: false"}
{"level":30,"time":1770043758397,"msg":"Waiting for wallet sync. Synced: false"}
{"level":30,"time":1770043788391,"msg":"Waiting for wallet sync. Synced: false"}
{"level":30,"time":1770043818364,"msg":"Waiting for wallet sync. Synced: false"}
{"level":30,"time":1770043848410,"msg":"Waiting for wallet sync. Synced: false"}
{"level":30,"time":1770043878411,"msg":"Waiting for wallet sync. Synced: false"}
{"level":30,"time":1770043908362,"msg":"Waiting for wallet sync. Synced: false"}
{"level":30,"time":1770043938399,"msg":"Waiting for wallet sync. Synced: false"}
{"level":30,"time":1770043968379,"msg":"Waiting for wallet sync. Synced: false"}
{"level":30,"time":1770043998330,"msg":"Waiting for wallet sync. Synced: false"}
{"level":30,"time":1770044028364,"msg":"Waiting for wallet sync. Synced: false"}
{"level":30,"time":1770044058380,"msg":"Waiting for wallet sync. Synced: false"}
{"level":30,"time":1770044088270,"msg":"Waiting for wallet sync. Synced: false"}
{"level":30,"time":1770044118284,"msg":"Waiting for wallet sync. Synced: false"}
{"level":30,"time":1770044148330,"msg":"Waiting for wallet sync. Synced: false"}
{"level":30,"time":1770044178255,"msg":"Waiting for wallet sync. Synced: false"}
{"level":30,"time":1770044208271,"msg":"Waiting for wallet sync. Synced: false"}
{"level":30,"time":1770044238292,"msg":"Waiting for wallet sync. Synced: false"}
{"level":30,"time":1770044268269,"msg":"Waiting for wallet sync. Synced: false"}
{"level":30,"time":1770044298245,"msg":"Waiting for wallet sync. Synced: false"}
{"level":30,"time":1770044328273,"msg":"Waiting for wallet sync. Synced: false"}
{"level":30,"time":1770044358294,"msg":"Waiting for wallet sync. Synced: false"}
{"level":30,"time":1770044388270,"msg":"Waiting for wallet sync. Synced: false"}
{"level":30,"time":1770044418277,"msg":"Waiting for wallet sync. Synced: false"}
{"level":30,"time":1770044448270,"msg":"Waiting for wallet sync. Synced: false"}
{"level":30,"time":1770044478253,"msg":"Waiting for wallet sync. Synced: false"}
{"level":30,"time":1770044508282,"msg":"Waiting for wallet sync. Synced: false"}
{"level":30,"time":1770044515497,"msg":"Waiting for wallet sync. Synced: false"}
{"level":30,"time":1770044538244,"msg":"Waiting for wallet sync. Synced: false"}
{"level":30,"time":1770044568268,"msg":"Waiting for wallet sync. Synced: false"}
{"level":30,"time":1770044598264,"msg":"Waiting for wallet sync. Synced: false"}
{"level":30,"time":1770044628237,"msg":"Waiting for wallet sync. Synced: false"}
{"level":30,"time":1770044658239,"msg":"Waiting for wallet sync. Synced: false"}
{"level":30,"time":1770044688257,"msg":"Waiting for wallet sync. Synced: false"}
{"level":30,"time":1770044718255,"msg":"Waiting for wallet sync. Synced: false"}
{"level":30,"time":1770044748210,"msg":"Waiting for wallet sync. Synced: false"}
{"level":30,"time":1770044778218,"msg":"Waiting for wallet sync. Synced: false"}
{"level":30,"time":1770044808237,"msg":"Waiting for wallet sync. Synced: false"}
{"level":30,"time":1770044838243,"msg":"Waiting for wallet sync. Synced: false"}
{"level":30,"time":1770044868203,"msg":"Waiting for wallet sync. Synced: false"}
{"level":30,"time":1770044898199,"msg":"Waiting for wallet sync. Synced: false"}
{"level":30,"time":1770044928228,"msg":"Waiting for wallet sync. Synced: false"}
{"level":30,"time":1770044958203,"msg":"Waiting for wallet sync. Synced: false"}
{"level":30,"time":1770044988263,"msg":"Waiting for wallet sync. Synced: false"}
{"level":30,"time":1770045018273,"msg":"Waiting for wallet sync. Synced: false"}
{"level":30,"time":1770045043504,"msg":"Waiting for wallet sync. Synced: false"}
{"level":30,"time":1770045078269,"msg":"Waiting for wallet sync. Synced: false"}
{"level":30,"time":1770045108249,"msg":"Waiting for wallet sync. Synced: false"}
{"level":30,"time":1770045138222,"msg":"Waiting for wallet sync. Synced: false"}
{"level":30,"time":1770045168240,"msg":"Waiting for wallet sync. Synced: false"}
{"level":30,"time":1770045198235,"msg":"Waiting for wallet sync. Synced: false"}
{"level":30,"time":1770045228314,"msg":"Waiting for wallet sync. Synced: false"}
{"level":30,"time":1770045258222,"msg":"Waiting for wallet sync. Synced: false"}
{"level":30,"time":1770045288216,"msg":"Waiting for wallet sync. Synced: false"}
{"level":30,"time":1770045318261,"msg":"Waiting for wallet sync. Synced: false"}
{"level":30,"time":1770045348222,"msg":"Waiting for wallet sync. Synced: false"}
{"level":30,"time":1770045378227,"msg":"Waiting for wallet sync. Synced: false"}
{"level":30,"time":1770045408198,"msg":"Waiting for wallet sync. Synced: false"}
{"level":30,"time":1770045438186,"msg":"Waiting for wallet sync. Synced: false"}
{"level":30,"time":1770045468195,"msg":"Waiting for wallet sync. Synced: false"}
{"level":30,"time":1770045498191,"msg":"Waiting for wallet sync. Synced: false"}
{"level":30,"time":1770045528164,"msg":"Waiting for wallet sync. Synced: false"}
{"level":30,"time":1770045558155,"msg":"Waiting for wallet sync. Synced: false"}
{"level":30,"time":1770045588163,"msg":"Waiting for wallet sync. Synced: false"}
{"level":30,"time":1770045618151,"msg":"Waiting for wallet sync. Synced: false"}
{"level":30,"time":1770045648147,"msg":"Waiting for wallet sync. Synced: false"}
{"level":30,"time":1770045678110,"msg":"Waiting for wallet sync. Synced: false"}
{"level":30,"time":1770045708137,"msg":"Waiting for wallet sync. Synced: false"}
{"level":30,"time":1770045738133,"msg":"Waiting for wallet sync. Synced: false"}
{"level":30,"time":1770045768123,"msg":"Waiting for wallet sync. Synced: false"}
{"level":30,"time":1770045798142,"msg":"Waiting for wallet sync. Synced: false"}
{"level":30,"time":1770045828110,"msg":"Waiting for wallet sync. Synced: false"}
{"level":30,"time":1770045858128,"msg":"Waiting for wallet sync. Synced: false"}
{"level":30,"time":1770045888113,"msg":"Waiting for wallet sync. Synced: false"}
{"level":30,"time":1770045918116,"msg":"Waiting for wallet sync. Synced: false"}
{"level":30,"time":1770045948139,"msg":"Waiting for wallet sync. Synced: false"}
{"level":30,"time":1770045978192,"msg":"Waiting for wallet sync. Synced: false"}
{"level":30,"time":1770046008142,"msg":"Waiting for wallet sync. Synced: false"}
{"level":30,"time":1770046038123,"msg":"Waiting for wallet sync. Synced: false"}
{"level":30,"time":1770046068176,"msg":"Waiting for wallet sync. Synced: false"}
{"level":30,"time":1770046098152,"msg":"Waiting for wallet sync. Synced: false"}
{"level":30,"time":1770046128122,"msg":"Waiting for wallet sync. Synced: false"}
{"level":30,"time":1770046158111,"msg":"Waiting for wallet sync. Synced: false"}
{"level":30,"time":1770046188119,"msg":"Waiting for wallet sync. Synced: false"}
{"level":30,"time":1770046218111,"msg":"Waiting for wallet sync. Synced: false"}
{"level":30,"time":1770046248120,"msg":"Waiting for wallet sync. Synced: false"}
{"level":30,"time":1770046278111,"msg":"Waiting for wallet sync. Synced: false"}
{"level":30,"time":1770046308118,"msg":"Waiting for wallet sync. Synced: false"}
{"level":30,"time":1770046315838,"msg":"Waiting for wallet sync. Synced: false"}
{"level":30,"time":1770046338108,"msg":"Waiting for wallet sync. Synced: false"}
{"level":30,"time":1770046368106,"msg":"Waiting for wallet sync. Synced: false"}
{"level":30,"time":1770046398109,"msg":"Waiting for wallet sync. Synced: false"}
{"level":30,"time":1770046428101,"msg":"Waiting for wallet sync. Synced: false"}
{"level":30,"time":1770046458100,"msg":"Waiting for wallet sync. Synced: false"}
{"level":30,"time":1770046488100,"msg":"Waiting for wallet sync. Synced: false"}
{"level":30,"time":1770046518100,"msg":"Waiting for wallet sync. Synced: false"}
{"level":30,"time":1770046548151,"msg":"Waiting for wallet sync. Synced: false"}
{"level":30,"time":1770046570015,"msg":"Waiting for wallet sync. Synced: false"}
{"level":30,"time":1770046578165,"msg":"Waiting for wallet sync. Synced: false"}
{"level":30,"time":1770046608195,"msg":"Waiting for wallet sync. Synced: false"}
{"level":30,"time":1770046638210,"msg":"Waiting for wallet sync. Synced: false"}
{"level":30,"time":1770046668176,"msg":"Waiting for wallet sync. Synced: false"}
{"level":30,"time":1770046698189,"msg":"Waiting for wallet sync. Synced: false"}
{"level":30,"time":1770046728239,"msg":"Waiting for wallet sync. Synced: false"}
{"level":30,"time":1770046758302,"msg":"Waiting for wallet sync. Synced: false"}
{"level":30,"time":1770046788315,"msg":"Waiting for wallet sync. Synced: false"}
{"level":30,"time":1770046818299,"msg":"Waiting for wallet sync. Synced: false"}
{"level":30,"time":1770046848245,"msg":"Waiting for wallet sync. Synced: false"}
{"level":30,"time":1770046878298,"msg":"Waiting for wallet sync. Synced: false"}
{"level":30,"time":1770046908193,"msg":"Waiting for wallet sync. Synced: false"}
{"level":30,"time":1770046938147,"msg":"Waiting for wallet sync. Synced: false"}
{"level":30,"time":1770046968166,"msg":"Waiting for wallet sync. Synced: false"}
{"level":30,"time":1770046998142,"msg":"Waiting for wallet sync. Synced: false"}
{"level":30,"time":1770047028112,"msg":"Waiting for wallet sync. Synced: false"}
{"level":30,"time":1770047058103,"msg":"Waiting for wallet sync. Synced: false"}
{"level":30,"time":1770047088114,"msg":"Waiting for wallet sync. Synced: false"}
{"level":30,"time":1770047118096,"msg":"Waiting for wallet sync. Synced: false"}
{"level":30,"time":1770047148095,"msg":"Waiting for wallet sync. Synced: false"}
{"level":30,"time":1770047178098,"msg":"Waiting for wallet sync. Synced: false"}
{"level":30,"time":1770047208098,"msg":"Waiting for wallet sync. Synced: false"}
{"level":30,"time":1770047238098,"msg":"Waiting for wallet sync. Synced: false"}
{"level":30,"time":1770047268096,"msg":"Waiting for wallet sync. Synced: false"}
{"level":30,"time":1770047298097,"msg":"Waiting for wallet sync. Synced: false"}
{"level":30,"time":1770047328094,"msg":"Waiting for wallet sync. Synced: false"}
{"level":30,"time":1770047358093,"msg":"Waiting for wallet sync. Synced: false"}
{"level":30,"time":1770047388103,"msg":"Waiting for wallet sync. Synced: false"}
{"level":30,"time":1770047418111,"msg":"Waiting for wallet sync. Synced: false"}
{"level":30,"time":1770047448097,"msg":"Waiting for wallet sync. Synced: false"}
{"level":30,"time":1770047478094,"msg":"Waiting for wallet sync. Synced: false"}
{"level":30,"time":1770047508094,"msg":"Waiting for wallet sync. Synced: false"}
{"level":30,"time":1770047538094,"msg":"Waiting for wallet sync. Synced: false"}
{"level":30,"time":1770047568092,"msg":"Waiting for wallet sync. Synced: false"}
{"level":30,"time":1770047598095,"msg":"Waiting for wallet sync. Synced: false"}
{"level":30,"time":1770047628091,"msg":"Waiting for wallet sync. Synced: false"}
{"level":30,"time":1770047658095,"msg":"Waiting for wallet sync. Synced: false"}
{"level":30,"time":1770047688094,"msg":"Waiting for wallet sync. Synced: false"}
{"level":30,"time":1770047718093,"msg":"Waiting for wallet sync. Synced: false"}
{"level":30,"time":1770047748093,"msg":"Waiting for wallet sync. Synced: false"}
{"level":30,"time":1770047778093,"msg":"Waiting for wallet sync. Synced: false"}
{"level":30,"time":1770047808091,"msg":"Waiting for wallet sync. Synced: false"}
{"level":30,"time":1770047838090,"msg":"Waiting for wallet sync. Synced: false"}
{"level":30,"time":1770047868090,"msg":"Waiting for wallet sync. Synced: false"}
{"level":30,"time":1770047898091,"msg":"Waiting for wallet sync. Synced: false"}
{"level":30,"time":1770047928093,"msg":"Waiting for wallet sync. Synced: false"}
{"level":30,"time":1770047958090,"msg":"Waiting for wallet sync. Synced: false"}
{"level":30,"time":1770047988089,"msg":"Waiting for wallet sync. Synced: false"}
{"level":30,"time":1770048018104,"msg":"Waiting for wallet sync. Synced: false"}
{"level":30,"time":1770048048092,"msg":"Waiting for wallet sync. Synced: false"}
{"level":30,"time":1770048078092,"msg":"Waiting for wallet sync. Synced: false"}
{"level":30,"time":1770048108099,"msg":"Waiting for wallet sync. Synced: false"}
{"level":30,"time":1770048138098,"msg":"Waiting for wallet sync. Synced: false"}
{"level":30,"time":1770048168099,"msg":"Waiting for wallet sync. Synced: false"}
{"level":30,"time":1770048198100,"msg":"Waiting for wallet sync. Synced: false"}
{"level":30,"time":1770048228099,"msg":"Waiting for wallet sync. Synced: false"}
{"level":30,"time":1770048258100,"msg":"Waiting for wallet sync. Synced: false"}
{"level":30,"time":1770048288100,"msg":"Waiting for wallet sync. Synced: false"}
{"level":30,"time":1770048318100,"msg":"Waiting for wallet sync. Synced: false"}
{"level":30,"time":1770048348099,"msg":"Waiting for wallet sync. Synced: false"}
{"level":30,"time":1770048378100,"msg":"Waiting for wallet sync. Synced: false"}
{"level":30,"time":1770048408100,"msg":"Waiting for wallet sync. Synced: false"}
{"level":30,"time":1770048438099,"msg":"Waiting for wallet sync. Synced: false"}
{"level":30,"time":1770048457670,"msg":"Waiting for wallet sync. Synced: false"}
{"level":30,"time":1770048468099,"msg":"Waiting for wallet sync. Synced: false"}
{"level":30,"time":1770048498099,"msg":"Waiting for wallet sync. Synced: false"}
{"level":30,"time":1770048528100,"msg":"Waiting for wallet sync. Synced: false"}
{"level":30,"time":1770048558099,"msg":"Waiting for wallet sync. Synced: false"}
{"level":30,"time":1770048588098,"msg":"Waiting for wallet sync. Synced: false"}
{"level":30,"time":1770048618100,"msg":"Waiting for wallet sync. Synced: false"}
{"level":30,"time":1770048648099,"msg":"Waiting for wallet sync. Synced: false"}
{"level":30,"time":1770048678100,"msg":"Waiting for wallet sync. Synced: false"}
{"level":30,"time":1770048708098,"msg":"Waiting for wallet sync. Synced: false"}
{"level":30,"time":1770048738100,"msg":"Waiting for wallet sync. Synced: false"}
{"level":30,"time":1770048768102,"msg":"Waiting for wallet sync. Synced: false"}
{"level":30,"time":1770048798099,"msg":"Waiting for wallet sync. Synced: false"}
{"level":30,"time":1770048828102,"msg":"Waiting for wallet sync. Synced: false"}
{"level":30,"time":1770048858100,"msg":"Waiting for wallet sync. Synced: false"}
{"level":30,"time":1770048888101,"msg":"Waiting for wallet sync. Synced: false"}
{"level":30,"time":1770048918100,"msg":"Waiting for wallet sync. Synced: false"}
{"level":30,"time":1770048948102,"msg":"Waiting for wallet sync. Synced: false"}
{"level":30,"time":1770048978102,"msg":"Waiting for wallet sync. Synced: false"}
{"level":30,"time":1770049008099,"msg":"Waiting for wallet sync. Synced: false"}
{"level":30,"time":1770049038100,"msg":"Waiting for wallet sync. Synced: false"}
{"level":30,"time":1770049068099,"msg":"Waiting for wallet sync. Synced: false"}
{"level":30,"time":1770049098101,"msg":"Waiting for wallet sync. Synced: false"}
{"level":30,"time":1770049128101,"msg":"Waiting for wallet sync. Synced: false"}
{"level":30,"time":1770049158101,"msg":"Waiting for wallet sync. Synced: false"}
{"level":30,"time":1770049188101,"msg":"Waiting for wallet sync. Synced: false"}
{"level":30,"time":1770049218101,"msg":"Waiting for wallet sync. Synced: false"}
{"level":30,"time":1770049248100,"msg":"Waiting for wallet sync. Synced: false"}
{"level":30,"time":1770049278101,"msg":"Waiting for wallet sync. Synced: false"}
{"level":30,"time":1770049308102,"msg":"Waiting for wallet sync. Synced: false"}
{"level":30,"time":1770049338099,"msg":"Waiting for wallet sync. Synced: false"}
{"level":30,"time":1770049368103,"msg":"Waiting for wallet sync. Synced: false"}
{"level":30,"time":1770049398104,"msg":"Waiting for wallet sync. Synced: false"}
{"level":30,"time":1770049428101,"msg":"Waiting for wallet sync. Synced: false"}
{"level":30,"time":1770049458102,"msg":"Waiting for wallet sync. Synced: false"}
{"level":30,"time":1770049488101,"msg":"Waiting for wallet sync. Synced: false"}
{"level":30,"time":1770049518100,"msg":"Waiting for wallet sync. Synced: false"}
{"level":30,"time":1770049548099,"msg":"Waiting for wallet sync. Synced: false"}
{"level":30,"time":1770049578102,"msg":"Waiting for wallet sync. Synced: false"}
{"level":30,"time":1770049608101,"msg":"Waiting for wallet sync. Synced: false"}
{"level":30,"time":1770049638100,"msg":"Waiting for wallet sync. Synced: false"}
{"level":30,"time":1770049668103,"msg":"Waiting for wallet sync. Synced: false"}
{"level":30,"time":1770049685653,"msg":"Waiting for wallet sync. Synced: false"}
{"level":30,"time":1770049698102,"msg":"Waiting for wallet sync. Synced: false"}
{"level":30,"time":1770049728101,"msg":"Waiting for wallet sync. Synced: false"}
{"level":30,"time":1770049758101,"msg":"Waiting for wallet sync. Synced: false"}
{"level":30,"time":1770049788100,"msg":"Waiting for wallet sync. Synced: false"}
{"level":30,"time":1770049818101,"msg":"Waiting for wallet sync. Synced: false"}
{"level":30,"time":1770049848102,"msg":"Waiting for wallet sync. Synced: false"}
{"level":30,"time":1770049878102,"msg":"Waiting for wallet sync. Synced: false"}
{"level":30,"time":1770049908101,"msg":"Waiting for wallet sync. Synced: false"}
{"level":30,"time":1770049938101,"msg":"Waiting for wallet sync. Synced: false"}
{"level":30,"time":1770049968101,"msg":"Waiting for wallet sync. Synced: false"}
{"level":30,"time":1770049998102,"msg":"Waiting for wallet sync. Synced: false"}
{"level":30,"time":1770050028103,"msg":"Waiting for wallet sync. Synced: false"}
{"level":30,"time":1770050058101,"msg":"Waiting for wallet sync. Synced: false"}
{"level":30,"time":1770050088102,"msg":"Waiting for wallet sync. Synced: false"}
{"level":30,"time":1770050118100,"msg":"Waiting for wallet sync. Synced: false"}
{"level":30,"time":1770050148102,"msg":"Waiting for wallet sync. Synced: false"}
{"level":30,"time":1770050178104,"msg":"Waiting for wallet sync. Synced: false"}
{"level":30,"time":1770050208103,"msg":"Waiting for wallet sync. Synced: false"}
{"level":30,"time":1770050238105,"msg":"Waiting for wallet sync. Synced: false"}
{"level":30,"time":1770050268104,"msg":"Waiting for wallet sync. Synced: false"}
{"level":30,"time":1770050298107,"msg":"Waiting for wallet sync. Synced: false"}
{"level":30,"time":1770050328107,"msg":"Waiting for wallet sync. Synced: false"}
{"level":30,"time":1770050358108,"msg":"Waiting for wallet sync. Synced: false"}
{"level":30,"time":1770050388109,"msg":"Waiting for wallet sync. Synced: false"}
{"level":30,"time":1770050418109,"msg":"Waiting for wallet sync. Synced: false"}
{"level":30,"time":1770050448109,"msg":"Waiting for wallet sync. Synced: false"}
{"level":30,"time":1770050478110,"msg":"Waiting for wallet sync. Synced: false"}
{"level":30,"time":1770050508109,"msg":"Waiting for wallet sync. Synced: false"}
{"level":30,"time":1770050538110,"msg":"Waiting for wallet sync. Synced: false"}
{"level":30,"time":1770050568110,"msg":"Waiting for wallet sync. Synced: false"}
{"level":30,"time":1770050598110,"msg":"Waiting for wallet sync. Synced: false"}
{"level":30,"time":1770050628110,"msg":"Waiting for wallet sync. Synced: false"}
{"level":30,"time":1770050658110,"msg":"Waiting for wallet sync. Synced: false"}
{"level":30,"time":1770050688112,"msg":"Waiting for wallet sync. Synced: false"}
{"level":30,"time":1770050718115,"msg":"Waiting for wallet sync. Synced: false"}
{"level":30,"time":1770050748112,"msg":"Waiting for wallet sync. Synced: false"}
{"level":30,"time":1770050778113,"msg":"Waiting for wallet sync. Synced: false"}
{"level":30,"time":1770050808112,"msg":"Waiting for wallet sync. Synced: false"}
{"level":30,"time":1770050838113,"msg":"Waiting for wallet sync. Synced: false"}
{"level":30,"time":1770050868114,"msg":"Waiting for wallet sync. Synced: false"}
{"level":30,"time":1770050898114,"msg":"Waiting for wallet sync. Synced: false"}
{"level":30,"time":1770050928113,"msg":"Waiting for wallet sync. Synced: false"}
{"level":30,"time":1770050958113,"msg":"Waiting for wallet sync. Synced: false"}
{"level":30,"time":1770050988115,"msg":"Waiting for wallet sync. Synced: false"}
{"level":30,"time":1770051018114,"msg":"Waiting for wallet sync. Synced: false"}
{"level":30,"time":1770051048117,"msg":"Waiting for wallet sync. Synced: false"}
{"level":30,"time":1770051056470,"msg":"Waiting for wallet sync. Synced: false"}
{"level":30,"time":1770051078116,"msg":"Waiting for wallet sync. Synced: false"}
{"level":30,"time":1770051108115,"msg":"Waiting for wallet sync. Synced: false"}
{"level":30,"time":1770051138118,"msg":"Waiting for wallet sync. Synced: false"}
{"level":30,"time":1770051168117,"msg":"Waiting for wallet sync. Synced: false"}
{"level":30,"time":1770051198120,"msg":"Waiting for wallet sync. Synced: false"}
{"level":30,"time":1770051228118,"msg":"Waiting for wallet sync. Synced: false"}
{"level":30,"time":1770051258118,"msg":"Waiting for wallet sync. Synced: false"}
