{"level":30,"time":1770092222486,"msg":"========================================"}
{"level":30,"time":1770092222488,"msg":"FaucetAMM CLI"}
{"level":30,"time":1770092222489,"msg":"========================================"}
{"level":30,"time":1770092222489,"msg":"Step 1: Initializing wallet..."}
{"level":30,"time":1770092222489,"msg":"Building wallet from mnemonic..."}
{"level":30,"time":1770092222594,"msg":"Your wallet address: mn_addr_preview17mdawv4sf845jw4rlepl93m3q0hs7ekpntcx0gnzsrkrl2rx46eskt64lm"}
{"level":30,"time":1770092222594,"msg":"Waiting for wallet to sync (timeout: 3 minutes)..."}
{"level":30,"time":1770092222603,"msg":"Waiting for wallet sync. Synced: false"}
{"level":30,"time":1770092254122,"msg":"Waiting for wallet sync. Synced: true"}
{"level":30,"time":1770092254124,"msg":"✅ Wallet synced successfully!"}
{"level":30,"time":1770092254125,"msg":"DEBUG: Wallet synced, checking balances..."}
{"level":30,"time":1770092254139,"msg":"Unshielded balance: 1000000000 tSTAR"}
{"level":30,"time":1770092254139,"msg":"Shielded balance: 0 tSTAR"}
{"level":30,"time":1770092254139,"msg":"Total balance: 1000000000 tSTAR"}
{"level":30,"time":1770092254141,"msg":"DEBUG: Total balance: 1000000000"}
{"level":30,"time":1770092254141,"msg":"DEBUG: Starting dust registration..."}
{"level":30,"time":1770092254146,"section":"DUST Registration Debug","availableCoinsCount":11,"dustBalance":2415493951999999976,"coinsMeta":[{"registeredForDustGeneration":false,"hasMetaField":true},{"registeredForDustGeneration":false,"hasMetaField":true},{"registeredForDustGeneration":false,"hasMetaField":true},{"registeredForDustGeneration":false,"hasMetaField":true},{"registeredForDustGeneration":false,"hasMetaField":true},{"registeredForDustGeneration":true,"hasMetaField":true},{"registeredForDustGeneration":false,"hasMetaField":true},{"registeredForDustGeneration":false,"hasMetaField":true},{"registeredForDustGeneration":false,"hasMetaField":true},{"registeredForDustGeneration":false,"hasMetaField":true},{"registeredForDustGeneration":false,"hasMetaField":true}]}
{"level":30,"time":1770092254147,"msg":"Found 10 unshielded Night UTXOs not registered for dust generation"}
{"level":30,"time":1770092254147,"msg":"Registering Night UTXOs for dust generation..."}
{"level":50,"time":1770092254160,"msg":"Failed to register Night UTXOs for dust: (FiberFailure) Wallet.Other: Other wallet error: Token of a non-Night type received\n    at Object.other (file:///media/son/Projects1/venera/midnight/tutorial/learn_build/exp2/midnight-dex-contract/deploy-cli/node_modules/@midnight-ntwrk/wallet-sdk-shielded/dist/v1/WalletError.js:37:16)\n    at RunningV1Variant.createDustGenerationTransaction (file:///media/son/Projects1/venera/midnight/tutorial/learn_build/exp2/midnight-dex-contract/deploy-cli/node_modules/@midnight-ntwrk/wallet-sdk-dust-wallet/dist/RunningV1Variant.js:82:56)\n    at [V1] (file:///media/son/Projects1/venera/midnight/tutorial/learn_build/exp2/midnight-dex-contract/deploy-cli/node_modules/@midnight-ntwrk/wallet-sdk-dust-wallet/dist/DustWallet.js:98:37)\n    at Module.dispatch (file:///media/son/Projects1/venera/midnight/tutorial/learn_build/exp2/midnight-dex-contract/deploy-cli/node_modules/@midnight-ntwrk/wallet-sdk-utilities/dist/polyFunction.js:7:16)\n    at file:///media/son/Projects1/venera/midnight/tutorial/learn_build/exp2/midnight-dex-contract/deploy-cli/node_modules/@midnight-ntwrk/wallet-sdk-runtime/dist/Runtime.js:50:73\n    at <anonymous> (/media/son/Projects1/venera/midnight/tutorial/learn_build/exp2/midnight-dex-contract/deploy-cli/node_modules/effect/src/internal/fiberRuntime.ts:151:36)\n    at body (/media/son/Projects1/venera/midnight/tutorial/learn_build/exp2/midnight-dex-contract/deploy-cli/node_modules/effect/src/Utils.ts:786:14)\n    at Object.OnSuccess (/media/son/Projects1/venera/midnight/tutorial/learn_build/exp2/midnight-dex-contract/deploy-cli/node_modules/effect/src/internal/fiberRuntime.ts:151:12)\n    at FiberRuntime.Sync (/media/son/Projects1/venera/midnight/tutorial/learn_build/exp2/midnight-dex-contract/deploy-cli/node_modules/effect/src/internal/fiberRuntime.ts:1164:37)\n    at <anonymous> (/media/son/Projects1/venera/midnight/tutorial/learn_build/exp2/midnight-dex-contract/deploy-cli/node_modules/effect/src/internal/fiberRuntime.ts:1393:53) {\n  [cause]: Error: Token of a non-Night type received\n}"}
{"level":30,"time":1770092254161,"msg":"DEBUG: Dust registration complete."}
{"level":30,"time":1770092254161,"msg":"Step 2: Configuring providers..."}
{"level":30,"time":1770092254164,"section":"DUST Wallet State","dust":{"capabilities":{"coinsAndBalances":{},"keys":{},"serialization":{}},"protocolVersion":0,"state":{"networkId":"preview","pendingDustTokens":[],"progress":{"appliedIndex":647,"highestIndex":0,"highestRelevantIndex":0,"highestRelevantWalletIndex":647,"isConnected":true},"protocolVersion":0,"publicKey":{"publicKey":15910875447565964891213978322799052612442083852947537543067608621265097140841},"state":{"__wbg_ptr":8447216}}}}
{"level":30,"time":1770092254165,"section":"Shielded Wallet State","shielded":{"capabilities":{"coinsAndBalances":{},"keys":{},"serialization":{},"transactionHistory":{}},"protocolVersion":0,"state":{"coinHashes":{},"networkId":"preview","progress":{"appliedIndex":633,"highestIndex":0,"highestRelevantIndex":0,"highestRelevantWalletIndex":633,"isConnected":true},"protocolVersion":0,"publicKeys":{"coinPublicKey":"e1aa86317907c717908b15a9b480774a2ede12a95217dc8bff486be9664e2717","encryptionPublicKey":"b4732bf85983ed47631e2bd2ee918918ba3a3f2a67fdf17412d41280d065f3c8"},"state":{"__wbg_ptr":5469048},"txHistoryArray":[]}}}
{"level":30,"time":1770092254165,"section":"Unshielded Wallet State","unshielded":{"capabilities":{"coinsAndBalances":{},"keys":{},"serialization":{},"transactionHistory":{}},"protocolVersion":0,"state":{"networkId":"preview","progress":{"appliedId":337,"highestTransactionId":337,"isConnected":true},"protocolVersion":0,"publicKey":{"address":"mn_addr_preview17mdawv4sf845jw4rlepl93m3q0hs7ekpntcx0gnzsrkrl2rx46eskt64lm","addressHex":"f6dbd732b049eb493aa3fe43f2c77103ef0f66c19af067a26280ec3fa866aeb3","publicKey":"9f53d5c876fa6229cba7361c35d709c7d1c0334c0c29ae4f199750c9a3244e92"},"state":{"availableUtxos":{"_id":"HashMap","values":["[Array]","[Array]","[Array]","[Array]","[Array]","[Array]","[Array]","[Array]","[Array]","[Array]","[Array]"]},"pendingUtxos":{"_id":"HashMap","values":[]}}}}}
{"level":30,"time":1770092254169,"msg":"Step 3: Finding contract at 4dc65a8f3b0876ef19dbe72eb9e85720efaf7381aacb341c09f0b6b557623884..."}
{"level":30,"time":1770092255884,"msg":"Joined contract at address: 4dc65a8f3b0876ef19dbe72eb9e85720efaf7381aacb341c09f0b6b557623884"}
{"level":30,"time":1770092255884,"msg":"Contract found! Executing command..."}
{"level":30,"time":1770092255884,"msg":"Setting up liquidity pool with 1000000 LP tokens..."}
{"level":30,"time":1770092255884,"msg":"Note: After setup, use \"add\" command to add X and Y liquidity"}
{"level":50,"time":1770092255884,"msg":"Command failed:"}
{"level":50,"time":1770092255884,"msg":"contract.callTx.setupPool is not a function"}
{"level":50,"time":1770092255885,"msg":"TypeError: contract.callTx.setupPool is not a function\n    at run (/media/son/Projects1/venera/midnight/tutorial/learn_build/exp2/midnight-dex-contract/deploy-cli/src/interact.ts:200:56)"}
