{"level":30,"time":1770038168032,"msg":"========================================"}
{"level":30,"time":1770038168034,"msg":"FaucetAMM Contract Deployment on PREVIEW NETWORK"}
{"level":30,"time":1770038168035,"msg":"========================================"}
{"level":30,"time":1770038168035,"msg":"Step 1: Initializing wallet from mnemonic..."}
{"level":30,"time":1770038168035,"msg":"Building wallet from mnemonic..."}
{"level":30,"time":1770038168150,"msg":"Your wallet address: mn_addr_preview17mdawv4sf845jw4rlepl93m3q0hs7ekpntcx0gnzsrkrl2rx46eskt64lm"}
{"level":30,"time":1770038168150,"msg":"Waiting for wallet to sync..."}
{"level":30,"time":1770038168158,"msg":"Waiting for wallet sync. Synced: false"}
{"level":30,"time":1770038173214,"msg":"Waiting for wallet sync. Synced: false"}
{"level":30,"time":1770038201445,"msg":"Waiting for wallet sync. Synced: true"}
{"level":30,"time":1770038201448,"msg":"DEBUG: Wallet synced, checking balances..."}
{"level":30,"time":1770038201463,"msg":"Unshielded balance: 1000000000 tSTAR"}
{"level":30,"time":1770038201464,"msg":"Shielded balance: 0 tSTAR"}
{"level":30,"time":1770038201464,"msg":"Total balance: 1000000000 tSTAR"}
{"level":30,"time":1770038201465,"msg":"DEBUG: Total balance: 1000000000"}
{"level":30,"time":1770038201466,"msg":"DEBUG: Starting dust registration..."}
{"level":30,"time":1770038201471,"section":"DUST Registration Debug","availableCoinsCount":1,"dustBalance":1974937800999999997,"coinsMeta":[{"registeredForDustGeneration":true,"hasMetaField":true}]}
{"level":30,"time":1770038201472,"msg":"All Night UTXOs are already registered for dust generation"}
{"level":30,"time":1770038201472,"msg":"Current dust balance: 1974937800999999997"}
{"level":30,"time":1770038201474,"msg":"DEBUG: Dust registration complete."}
{"level":30,"time":1770038201475,"msg":"Step 2: Configuring providers..."}
{"level":30,"time":1770038201479,"section":"DUST Wallet State","dust":{"capabilities":{"coinsAndBalances":{},"keys":{},"serialization":{}},"protocolVersion":0,"state":{"networkId":"preview","pendingDustTokens":[],"progress":{"appliedIndex":602,"highestIndex":0,"highestRelevantIndex":0,"highestRelevantWalletIndex":602,"isConnected":true},"protocolVersion":0,"publicKey":{"publicKey":15910875447565964891213978322799052612442083852947537543067608621265097140841},"state":{"__wbg_ptr":8574592}}}}
{"level":30,"time":1770038201480,"section":"Shielded Wallet State","shielded":{"capabilities":{"coinsAndBalances":{},"keys":{},"serialization":{},"transactionHistory":{}},"protocolVersion":0,"state":{"coinHashes":{},"networkId":"preview","progress":{"appliedIndex":482,"highestIndex":0,"highestRelevantIndex":0,"highestRelevantWalletIndex":482,"isConnected":true},"protocolVersion":0,"publicKeys":{"coinPublicKey":"e1aa86317907c717908b15a9b480774a2ede12a95217dc8bff486be9664e2717","encryptionPublicKey":"b4732bf85983ed47631e2bd2ee918918ba3a3f2a67fdf17412d41280d065f3c8"},"state":{"__wbg_ptr":4982104},"txHistoryArray":[]}}}
{"level":30,"time":1770038201480,"section":"Unshielded Wallet State","unshielded":{"capabilities":{"coinsAndBalances":{},"keys":{},"serialization":{},"transactionHistory":{}},"protocolVersion":0,"state":{"networkId":"preview","progress":{"appliedId":246,"highestTransactionId":246,"isConnected":true},"protocolVersion":0,"publicKey":{"address":"mn_addr_preview17mdawv4sf845jw4rlepl93m3q0hs7ekpntcx0gnzsrkrl2rx46eskt64lm","addressHex":"f6dbd732b049eb493aa3fe43f2c77103ef0f66c19af067a26280ec3fa866aeb3","publicKey":"9f53d5c876fa6229cba7361c35d709c7d1c0334c0c29ae4f199750c9a3244e92"},"state":{"availableUtxos":{"_id":"HashMap","values":["[Array]"]},"pendingUtxos":{"_id":"HashMap","values":[]}}}}}
{"level":30,"time":1770038201485,"msg":"Step 3: Deploying FaucetAMMv2 contract with initial tokens..."}
{"level":30,"time":1770038201485,"msg":"Deploying FaucetAMMv2 contract with feeBps = 10, initial X = 10000000, initial Y = 10000000..."}
{"level":30,"time":1770038201486,"msg":"Recipient coinPublicKey type: string"}
{"level":30,"time":1770038201486,"msg":"Recipient coinPublicKey (hex): e1aa86317907c717908b15a9b480774a2ede12a95217dc8bff486be9664e2717"}
{"level":30,"time":1770038201486,"msg":"Y Nonce: 2ea774c60eb09e585f3b70abedbf14ec8382239e747bbda98bf22f6c1cb5e8c6"}
{"level":50,"time":1770038201497,"msg":"Deployment failed:"}
{"level":50,"time":1770038201497,"msg":"type error: Contract state constructor argument 4 (argument 5 as invoked from Typescript) at FaucetAMMv2.compact line 23 char 1; expected value of type struct Either<is_left: Boolean, left: struct ZswapCoinPublicKey<bytes: Bytes<32>>, right: struct ContractAddress<bytes: Bytes<32>>> but received { is_left: true, left: { bytes: Uint8Array [Uint8Array] { 0: 225, 1: 170, 2: 134, 3: 49, 4: 121, 5: 7, 6: 199, 7: 23, 8: 144, 9: 139, 10: 21, 11: 169, 12: 180, 13: 128, 14: 119, 15: 74, 16: 46, 17: 222, 18: 18, 19: 169, 20: 82, 21: 23, 22: 220, 23: 139, 24: 255, 25: 72, 26: 107, 27: 233, 28: 102, 29: 78, 30: 39, 31: 23 } } }"}
{"level":50,"time":1770038201501,"msg":"Error: type error: Contract state constructor argument 4 (argument 5 as invoked from Typescript) at FaucetAMMv2.compact line 23 char 1; expected value of type struct Either<is_left: Boolean, left: struct ZswapCoinPublicKey<bytes: Bytes<32>>, right: struct ContractAddress<bytes: Bytes<32>>> but received { is_left: true, left: { bytes: Uint8Array [Uint8Array] { 0: 225, 1: 170, 2: 134, 3: 49, 4: 121, 5: 7, 6: 199, 7: 23, 8: 144, 9: 139, 10: 21, 11: 169, 12: 180, 13: 128, 14: 119, 15: 74, 16: 46, 17: 222, 18: 18, 19: 169, 20: 82, 21: 23, 22: 220, 23: 139, 24: 255, 25: 72, 26: 107, 27: 233, 28: 102, 29: 78, 30: 39, 31: 23 } } }\n    at createUnprovenDeployTxFromVerifierKeys (/media/son/Projects1/venera/midnight/tutorial/learn_build/exp2/midnight-dex-contract/deploy-cli/node_modules/@midnight-ntwrk/midnight-js-contracts/src/unproven-deploy-tx.ts:146:11)\n    at process.processTicksAndRejections (node:internal/process/task_queues:105:5)\n    at async submitDeployTx (/media/son/Projects1/venera/midnight/tutorial/learn_build/exp2/midnight-dex-contract/deploy-cli/node_modules/@midnight-ntwrk/midnight-js-contracts/src/submit-deploy-tx.ts:87:32)\n    at async deployContract (/media/son/Projects1/venera/midnight/tutorial/learn_build/exp2/midnight-dex-contract/deploy-cli/node_modules/@midnight-ntwrk/midnight-js-contracts/src/deploy-contract.ts:124:24)\n    at async Module.deploy (/media/son/Projects1/venera/midnight/tutorial/learn_build/exp2/midnight-dex-contract/deploy-cli/src/api.ts:158:22)\n    at async run (/media/son/Projects1/venera/midnight/tutorial/learn_build/exp2/midnight-dex-contract/deploy-cli/src/deploy.ts:33:34)"}
