{"level":30,"time":1770044614163,"msg":"========================================"}
{"level":30,"time":1770044614165,"msg":"FaucetAMM CLI"}
{"level":30,"time":1770044614166,"msg":"========================================"}
{"level":30,"time":1770044614166,"msg":"Step 1: Initializing wallet..."}
{"level":30,"time":1770044614166,"msg":"Building wallet from mnemonic..."}
{"level":30,"time":1770044614276,"msg":"Your wallet address: mn_addr_preview17mdawv4sf845jw4rlepl93m3q0hs7ekpntcx0gnzsrkrl2rx46eskt64lm"}
{"level":30,"time":1770044614276,"msg":"Waiting for wallet to sync..."}
{"level":30,"time":1770044614285,"msg":"Waiting for wallet sync. Synced: false"}
{"level":30,"time":1770044646867,"msg":"Waiting for wallet sync. Synced: true"}
{"level":30,"time":1770044646872,"msg":"DEBUG: Wallet synced, checking balances..."}
{"level":30,"time":1770044646882,"msg":"Unshielded balance: 1000000000 tSTAR"}
{"level":30,"time":1770044646883,"msg":"Shielded balance: 0 tSTAR"}
{"level":30,"time":1770044646883,"msg":"Total balance: 1000000000 tSTAR"}
{"level":30,"time":1770044646885,"msg":"DEBUG: Total balance: 1000000000"}
{"level":30,"time":1770044646885,"msg":"DEBUG: Starting dust registration..."}
{"level":30,"time":1770044646891,"section":"DUST Registration Debug","availableCoinsCount":3,"dustBalance":2026418615999999991,"coinsMeta":[{"registeredForDustGeneration":true,"hasMetaField":true},{"registeredForDustGeneration":false,"hasMetaField":true},{"registeredForDustGeneration":false,"hasMetaField":true}]}
{"level":30,"time":1770044646892,"msg":"Found 2 unshielded Night UTXOs not registered for dust generation"}
{"level":30,"time":1770044646892,"msg":"Registering Night UTXOs for dust generation..."}
{"level":50,"time":1770044646905,"msg":"Failed to register Night UTXOs for dust: (FiberFailure) Wallet.Other: Other wallet error: Token of a non-Night type received\n    at Object.other (file:///media/son/Projects1/venera/midnight/tutorial/learn_build/exp2/midnight-dex-contract/deploy-cli/node_modules/@midnight-ntwrk/wallet-sdk-shielded/dist/v1/WalletError.js:37:16)\n    at RunningV1Variant.createDustGenerationTransaction (file:///media/son/Projects1/venera/midnight/tutorial/learn_build/exp2/midnight-dex-contract/deploy-cli/node_modules/@midnight-ntwrk/wallet-sdk-dust-wallet/dist/RunningV1Variant.js:82:56)\n    at [V1] (file:///media/son/Projects1/venera/midnight/tutorial/learn_build/exp2/midnight-dex-contract/deploy-cli/node_modules/@midnight-ntwrk/wallet-sdk-dust-wallet/dist/DustWallet.js:98:37)\n    at Module.dispatch (file:///media/son/Projects1/venera/midnight/tutorial/learn_build/exp2/midnight-dex-contract/deploy-cli/node_modules/@midnight-ntwrk/wallet-sdk-utilities/dist/polyFunction.js:7:16)\n    at file:///media/son/Projects1/venera/midnight/tutorial/learn_build/exp2/midnight-dex-contract/deploy-cli/node_modules/@midnight-ntwrk/wallet-sdk-runtime/dist/Runtime.js:50:73\n    at <anonymous> (/media/son/Projects1/venera/midnight/tutorial/learn_build/exp2/midnight-dex-contract/deploy-cli/node_modules/effect/src/internal/fiberRuntime.ts:151:36)\n    at body (/media/son/Projects1/venera/midnight/tutorial/learn_build/exp2/midnight-dex-contract/deploy-cli/node_modules/effect/src/Utils.ts:786:14)\n    at Object.OnSuccess (/media/son/Projects1/venera/midnight/tutorial/learn_build/exp2/midnight-dex-contract/deploy-cli/node_modules/effect/src/internal/fiberRuntime.ts:151:12)\n    at FiberRuntime.Sync (/media/son/Projects1/venera/midnight/tutorial/learn_build/exp2/midnight-dex-contract/deploy-cli/node_modules/effect/src/internal/fiberRuntime.ts:1164:37)\n    at <anonymous> (/media/son/Projects1/venera/midnight/tutorial/learn_build/exp2/midnight-dex-contract/deploy-cli/node_modules/effect/src/internal/fiberRuntime.ts:1393:53) {\n  [cause]: Error: Token of a non-Night type received\n}"}
{"level":30,"time":1770044646906,"msg":"DEBUG: Dust registration complete."}
{"level":30,"time":1770044646906,"msg":"Step 2: Configuring providers..."}
{"level":30,"time":1770044646909,"section":"DUST Wallet State","dust":{"capabilities":{"coinsAndBalances":{},"keys":{},"serialization":{}},"protocolVersion":0,"state":{"networkId":"preview","pendingDustTokens":[],"progress":{"appliedIndex":611,"highestIndex":0,"highestRelevantIndex":0,"highestRelevantWalletIndex":611,"isConnected":true},"protocolVersion":0,"publicKey":{"publicKey":15910875447565964891213978322799052612442083852947537543067608621265097140841},"state":{"__wbg_ptr":8669216}}}}
{"level":30,"time":1770044646909,"section":"Shielded Wallet State","shielded":{"capabilities":{"coinsAndBalances":{},"keys":{},"serialization":{},"transactionHistory":{}},"protocolVersion":0,"state":{"coinHashes":{},"networkId":"preview","progress":{"appliedIndex":482,"highestIndex":0,"highestRelevantIndex":0,"highestRelevantWalletIndex":482,"isConnected":true},"protocolVersion":0,"publicKeys":{"coinPublicKey":"e1aa86317907c717908b15a9b480774a2ede12a95217dc8bff486be9664e2717","encryptionPublicKey":"b4732bf85983ed47631e2bd2ee918918ba3a3f2a67fdf17412d41280d065f3c8"},"state":{"__wbg_ptr":5733448},"txHistoryArray":[]}}}
{"level":30,"time":1770044646910,"section":"Unshielded Wallet State","unshielded":{"capabilities":{"coinsAndBalances":{},"keys":{},"serialization":{},"transactionHistory":{}},"protocolVersion":0,"state":{"networkId":"preview","progress":{"appliedId":314,"highestTransactionId":314,"isConnected":true},"protocolVersion":0,"publicKey":{"address":"mn_addr_preview17mdawv4sf845jw4rlepl93m3q0hs7ekpntcx0gnzsrkrl2rx46eskt64lm","addressHex":"f6dbd732b049eb493aa3fe43f2c77103ef0f66c19af067a26280ec3fa866aeb3","publicKey":"9f53d5c876fa6229cba7361c35d709c7d1c0334c0c29ae4f199750c9a3244e92"},"state":{"availableUtxos":{"_id":"HashMap","values":["[Array]","[Array]","[Array]"]},"pendingUtxos":{"_id":"HashMap","values":[]}}}}}
{"level":30,"time":1770044646914,"msg":"Step 3: Finding contract at db94208dc14fe98f40439286744357583bfb46ff3d0a411df40c2a2d8142a953..."}
{"level":30,"time":1770044649874,"msg":"Joined contract at address: db94208dc14fe98f40439286744357583bfb46ff3d0a411df40c2a2d8142a953"}
{"level":30,"time":1770044649875,"msg":"Contract found! Executing command..."}
{"level":30,"time":1770044649875,"msg":"Minting 1000000 Test Token Y..."}
{"level":50,"time":1770044650255,"msg":"Command failed:"}
{"level":50,"time":1770044650255,"msg":"Unexpected error executing scoped transaction '<unnamed>': Error: mintTestTokensY: expected 3 arguments (as invoked from Typescript), received 4"}
{"level":50,"time":1770044650258,"msg":"Error: Unexpected error executing scoped transaction '<unnamed>': Error: mintTestTokensY: expected 3 arguments (as invoked from Typescript), received 4\n    at scoped (/media/son/Projects1/venera/midnight/tutorial/learn_build/exp2/midnight-dex-contract/deploy-cli/node_modules/@midnight-ntwrk/midnight-js-contracts/src/internal/transaction.ts:183:21)\n    at process.processTicksAndRejections (node:internal/process/task_queues:105:5)\n    at async run (/media/son/Projects1/venera/midnight/tutorial/learn_build/exp2/midnight-dex-contract/deploy-cli/src/interact.ts:170:34)"}
