{"level":30,"time":1770043892400,"msg":"========================================"}
{"level":30,"time":1770043892402,"msg":"FaucetAMM Contract Deployment on PREVIEW NETWORK"}
{"level":30,"time":1770043892402,"msg":"========================================"}
{"level":30,"time":1770043892402,"msg":"Step 1: Initializing wallet from mnemonic..."}
{"level":30,"time":1770043892402,"msg":"Building wallet from mnemonic..."}
{"level":30,"time":1770043892513,"msg":"Your wallet address: mn_addr_preview17mdawv4sf845jw4rlepl93m3q0hs7ekpntcx0gnzsrkrl2rx46eskt64lm"}
{"level":30,"time":1770043892513,"msg":"Waiting for wallet to sync..."}
{"level":30,"time":1770043892522,"msg":"Waiting for wallet sync. Synced: false"}
{"level":30,"time":1770043897862,"msg":"Waiting for wallet sync. Synced: false"}
{"level":30,"time":1770043926129,"msg":"Waiting for wallet sync. Synced: true"}
{"level":30,"time":1770043926132,"msg":"DEBUG: Wallet synced, checking balances..."}
{"level":30,"time":1770043926145,"msg":"Unshielded balance: 1000000000 tSTAR"}
{"level":30,"time":1770043926145,"msg":"Shielded balance: 0 tSTAR"}
{"level":30,"time":1770043926145,"msg":"Total balance: 1000000000 tSTAR"}
{"level":30,"time":1770043926147,"msg":"DEBUG: Total balance: 1000000000"}
{"level":30,"time":1770043926147,"msg":"DEBUG: Starting dust registration..."}
{"level":30,"time":1770043926152,"section":"DUST Registration Debug","availableCoinsCount":1,"dustBalance":2021366375999999994,"coinsMeta":[{"registeredForDustGeneration":true,"hasMetaField":true}]}
{"level":30,"time":1770043926153,"msg":"All Night UTXOs are already registered for dust generation"}
{"level":30,"time":1770043926153,"msg":"Current dust balance: 2021366375999999994"}
{"level":30,"time":1770043926155,"msg":"DEBUG: Dust registration complete."}
{"level":30,"time":1770043926157,"msg":"Step 2: Configuring providers..."}
{"level":30,"time":1770043926160,"section":"DUST Wallet State","dust":{"capabilities":{"coinsAndBalances":{},"keys":{},"serialization":{}},"protocolVersion":0,"state":{"networkId":"preview","pendingDustTokens":[],"progress":{"appliedIndex":608,"highestIndex":0,"highestRelevantIndex":0,"highestRelevantWalletIndex":608,"isConnected":true},"protocolVersion":0,"publicKey":{"publicKey":15910875447565964891213978322799052612442083852947537543067608621265097140841},"state":{"__wbg_ptr":9643248}}}}
{"level":30,"time":1770043926161,"section":"Shielded Wallet State","shielded":{"capabilities":{"coinsAndBalances":{},"keys":{},"serialization":{},"transactionHistory":{}},"protocolVersion":0,"state":{"coinHashes":{},"networkId":"preview","progress":{"appliedIndex":482,"highestIndex":0,"highestRelevantIndex":0,"highestRelevantWalletIndex":482,"isConnected":true},"protocolVersion":0,"publicKeys":{"coinPublicKey":"e1aa86317907c717908b15a9b480774a2ede12a95217dc8bff486be9664e2717","encryptionPublicKey":"b4732bf85983ed47631e2bd2ee918918ba3a3f2a67fdf17412d41280d065f3c8"},"state":{"__wbg_ptr":5284088},"txHistoryArray":[]}}}
{"level":30,"time":1770043926161,"section":"Unshielded Wallet State","unshielded":{"capabilities":{"coinsAndBalances":{},"keys":{},"serialization":{},"transactionHistory":{}},"protocolVersion":0,"state":{"networkId":"preview","progress":{"appliedId":246,"highestTransactionId":246,"isConnected":true},"protocolVersion":0,"publicKey":{"address":"mn_addr_preview17mdawv4sf845jw4rlepl93m3q0hs7ekpntcx0gnzsrkrl2rx46eskt64lm","addressHex":"f6dbd732b049eb493aa3fe43f2c77103ef0f66c19af067a26280ec3fa866aeb3","publicKey":"9f53d5c876fa6229cba7361c35d709c7d1c0334c0c29ae4f199750c9a3244e92"},"state":{"availableUtxos":{"_id":"HashMap","values":["[Array]"]},"pendingUtxos":{"_id":"HashMap","values":[]}}}}}
{"level":30,"time":1770043926166,"msg":"Step 3: Deploying FaucetAMM contract..."}
{"level":30,"time":1770043926166,"msg":"Deploying FaucetAMMUnshielded contract with feeBps = 10..."}
{"level":30,"time":1770043926216,"msg":"DEBUG balanceTx: Starting balanceUnboundTransaction..."}
{"level":30,"time":1770043928828,"msg":"DEBUG balanceTx: Recipe type = UNBOUND_TRANSACTION, has balancingTx = true"}
{"level":30,"time":1770043928828,"msg":"DEBUG balanceTx: Starting finalizeRecipe..."}
{"level":30,"time":1770043929373,"msg":"DEBUG balanceTx: finalizeRecipe succeeded"}
{"level":30,"time":1770043987568,"msg":"Deployed at: 10f380e947d6f5be3fdc80df9623bdb3a4563906568e9cd4daa6b0ee89e211ad"}
{"level":30,"time":1770043987568,"msg":"========================================"}
{"level":30,"time":1770043987568,"msg":"DEPLOYMENT SUCCESSFUL!"}
{"level":30,"time":1770043987568,"msg":"Contract Address: 10f380e947d6f5be3fdc80df9623bdb3a4563906568e9cd4daa6b0ee89e211ad"}
{"level":30,"time":1770043987568,"msg":"========================================"}
{"level":30,"time":1770043987568,"msg":"Step 4: Verifying contract state..."}
{"level":30,"time":1770043987568,"msg":"Checking contract ledger state..."}
{"level":30,"time":1770043988071,"section":"Ledger State","feeBps":"10","xLiquidity":"0","yLiquidity":"0","lpCirculatingSupply":"0"}
{"level":30,"time":1770043988071,"msg":"Current state - feeBps: 10, xLiquidity: 0, yLiquidity: 0"}
{"level":30,"time":1770043988071,"msg":""}
{"level":30,"time":1770043988071,"msg":"Next steps:"}
{"level":30,"time":1770043988071,"msg":"1. Use mintTestTokensX/Y to mint test tokens"}
{"level":30,"time":1770043988071,"msg":"2. Use initLiquidity to initialize the pool"}
{"level":30,"time":1770043988071,"msg":"3. Use swapXToY/swapYToX to test swaps"}
