{"level":30,"time":1770038433929,"msg":"========================================"}
{"level":30,"time":1770038433931,"msg":"FaucetAMM Contract Deployment on PREVIEW NETWORK"}
{"level":30,"time":1770038433931,"msg":"========================================"}
{"level":30,"time":1770038433931,"msg":"Step 1: Initializing wallet from mnemonic..."}
{"level":30,"time":1770038433931,"msg":"Building wallet from mnemonic..."}
{"level":30,"time":1770038434043,"msg":"Your wallet address: mn_addr_preview17mdawv4sf845jw4rlepl93m3q0hs7ekpntcx0gnzsrkrl2rx46eskt64lm"}
{"level":30,"time":1770038434043,"msg":"Waiting for wallet to sync..."}
{"level":30,"time":1770038434051,"msg":"Waiting for wallet sync. Synced: false"}
{"level":30,"time":1770038439138,"msg":"Waiting for wallet sync. Synced: false"}
{"level":30,"time":1770038467035,"msg":"Waiting for wallet sync. Synced: true"}
{"level":30,"time":1770038467039,"msg":"DEBUG: Wallet synced, checking balances..."}
{"level":30,"time":1770038467050,"msg":"Unshielded balance: 1000000000 tSTAR"}
{"level":30,"time":1770038467050,"msg":"Shielded balance: 0 tSTAR"}
{"level":30,"time":1770038467050,"msg":"Total balance: 1000000000 tSTAR"}
{"level":30,"time":1770038467052,"msg":"DEBUG: Total balance: 1000000000"}
{"level":30,"time":1770038467052,"msg":"DEBUG: Starting dust registration..."}
{"level":30,"time":1770038467057,"section":"DUST Registration Debug","availableCoinsCount":1,"dustBalance":1977136822999999997,"coinsMeta":[{"registeredForDustGeneration":true,"hasMetaField":true}]}
{"level":30,"time":1770038467059,"msg":"All Night UTXOs are already registered for dust generation"}
{"level":30,"time":1770038467059,"msg":"Current dust balance: 1977136822999999997"}
{"level":30,"time":1770038467060,"msg":"DEBUG: Dust registration complete."}
{"level":30,"time":1770038467062,"msg":"Step 2: Configuring providers..."}
{"level":30,"time":1770038467066,"section":"DUST Wallet State","dust":{"capabilities":{"coinsAndBalances":{},"keys":{},"serialization":{}},"protocolVersion":0,"state":{"networkId":"preview","pendingDustTokens":[],"progress":{"appliedIndex":602,"highestIndex":0,"highestRelevantIndex":0,"highestRelevantWalletIndex":602,"isConnected":true},"protocolVersion":0,"publicKey":{"publicKey":15910875447565964891213978322799052612442083852947537543067608621265097140841},"state":{"__wbg_ptr":8732224}}}}
{"level":30,"time":1770038467066,"section":"Shielded Wallet State","shielded":{"capabilities":{"coinsAndBalances":{},"keys":{},"serialization":{},"transactionHistory":{}},"protocolVersion":0,"state":{"coinHashes":{},"networkId":"preview","progress":{"appliedIndex":482,"highestIndex":0,"highestRelevantIndex":0,"highestRelevantWalletIndex":482,"isConnected":true},"protocolVersion":0,"publicKeys":{"coinPublicKey":"e1aa86317907c717908b15a9b480774a2ede12a95217dc8bff486be9664e2717","encryptionPublicKey":"b4732bf85983ed47631e2bd2ee918918ba3a3f2a67fdf17412d41280d065f3c8"},"state":{"__wbg_ptr":5035760},"txHistoryArray":[]}}}
{"level":30,"time":1770038467066,"section":"Unshielded Wallet State","unshielded":{"capabilities":{"coinsAndBalances":{},"keys":{},"serialization":{},"transactionHistory":{}},"protocolVersion":0,"state":{"networkId":"preview","progress":{"appliedId":246,"highestTransactionId":246,"isConnected":true},"protocolVersion":0,"publicKey":{"address":"mn_addr_preview17mdawv4sf845jw4rlepl93m3q0hs7ekpntcx0gnzsrkrl2rx46eskt64lm","addressHex":"f6dbd732b049eb493aa3fe43f2c77103ef0f66c19af067a26280ec3fa866aeb3","publicKey":"9f53d5c876fa6229cba7361c35d709c7d1c0334c0c29ae4f199750c9a3244e92"},"state":{"availableUtxos":{"_id":"HashMap","values":["[Array]"]},"pendingUtxos":{"_id":"HashMap","values":[]}}}}}
{"level":30,"time":1770038467071,"msg":"Step 3: Deploying FaucetAMMv2 contract with initial tokens..."}
{"level":30,"time":1770038467072,"msg":"Deploying FaucetAMMv2 contract with feeBps = 10, initial X = 10000000, initial Y = 10000000..."}
{"level":30,"time":1770038467072,"msg":"Recipient coinPublicKey type: string"}
{"level":30,"time":1770038467072,"msg":"Recipient coinPublicKey (hex): e1aa86317907c717908b15a9b480774a2ede12a95217dc8bff486be9664e2717"}
{"level":30,"time":1770038467073,"msg":"Y Nonce: efaa13027df5b279660344ab7adbd7cd7e86c9d2e27afb51c1ac426037c460b4"}
{"level":30,"time":1770038469060,"msg":"DEBUG balanceTx: Starting balanceUnboundTransaction..."}
{"level":30,"time":1770038471307,"msg":"DEBUG balanceTx: Recipe type = UNBOUND_TRANSACTION, has balancingTx = true"}
{"level":30,"time":1770038471307,"msg":"DEBUG balanceTx: Starting finalizeRecipe..."}
{"level":30,"time":1770038471684,"msg":"DEBUG balanceTx: finalizeRecipe succeeded"}
{"level":50,"time":1770038473034,"msg":"Deployment failed:"}
{"level":50,"time":1770038473034,"msg":"Transaction submission error: Transaction submission failed"}
{"level":50,"time":1770038473034,"msg":"Wallet.SubmissionWalletError: Transaction submission error: Transaction submission failed\n    at Object.submission (file:///media/son/Projects1/venera/midnight/tutorial/learn_build/exp2/midnight-dex-contract/deploy-cli/node_modules/@midnight-ntwrk/wallet-sdk-shielded/dist/v1/WalletError.js:41:16)\n    at file:///media/son/Projects1/venera/midnight/tutorial/learn_build/exp2/midnight-dex-contract/deploy-cli/node_modules/@midnight-ntwrk/wallet-sdk-shielded/dist/v1/Submission.js:28:275\n    at /media/son/Projects1/venera/midnight/tutorial/learn_build/exp2/midnight-dex-contract/deploy-cli/node_modules/effect/src/internal/core.ts:1078:35\n    at <anonymous> (/media/son/Projects1/venera/midnight/tutorial/learn_build/exp2/midnight-dex-contract/deploy-cli/node_modules/effect/src/internal/fiberRuntime.ts:1156:41)\n    at body (/media/son/Projects1/venera/midnight/tutorial/learn_build/exp2/midnight-dex-contract/deploy-cli/node_modules/effect/src/Utils.ts:786:14)\n    at FiberRuntime.Sync (/media/son/Projects1/venera/midnight/tutorial/learn_build/exp2/midnight-dex-contract/deploy-cli/node_modules/effect/src/internal/fiberRuntime.ts:1156:19)\n    at <anonymous> (/media/son/Projects1/venera/midnight/tutorial/learn_build/exp2/midnight-dex-contract/deploy-cli/node_modules/effect/src/internal/fiberRuntime.ts:1393:53)\n    at Object.f (/media/son/Projects1/venera/midnight/tutorial/learn_build/exp2/midnight-dex-contract/deploy-cli/node_modules/effect/src/internal/tracer.ts:101:19)\n    at FiberRuntime.runLoop (/media/son/Projects1/venera/midnight/tutorial/learn_build/exp2/midnight-dex-contract/deploy-cli/node_modules/effect/src/internal/fiberRuntime.ts:1379:34)\n    at FiberRuntime.evaluateEffect (/media/son/Projects1/venera/midnight/tutorial/learn_build/exp2/midnight-dex-contract/deploy-cli/node_modules/effect/src/internal/fiberRuntime.ts:945:27)"}
